#
# There is insufficient memory for the Java Runtime Environment to continue.
# Native memory allocation (malloc) failed to allocate 32744 bytes for ChunkPool::allocate
# Possible reasons:
#   The system is out of physical RAM or swap space
#   In 32 bit mode, the process size limit was hit
# Possible solutions:
#   Reduce memory load on the system
#   Increase physical memory or swap space
#   Check if swap backing store is full
#   Use 64 bit Java on a 64 bit OS
#   Decrease Java heap size (-Xmx/-Xms)
#   Decrease number of Java threads
#   Decrease Java thread stack sizes (-Xss)
#   Set larger code cache with -XX:ReservedCodeCacheSize=
# This output file may be truncated or incomplete.
#
#  Out of Memory Error (allocation.cpp:273), pid=13608, tid=13708
#
# JRE version: Java(TM) SE Runtime Environment (8.0_31-b13) (build 1.8.0_31-b13)
# Java VM: Java HotSpot(TM) 64-Bit Server VM (25.31-b07 mixed mode windows-amd64 compressed oops)
# Failed to write core dump. Minidumps are not enabled by default on client versions of Windows
#

---------------  T H R E A D  ---------------

Current thread (0x000000001548f000):  JavaThread "C2 CompilerThread1" daemon [_thread_in_native, id=13708, stack(0x0000000016af0000,0x0000000016bf0000)]

Stack: [0x0000000016af0000,0x0000000016bf0000]
Native frames: (J=compiled Java code, j=interpreted, Vv=VM code, C=native code)
V  [jvm.dll+0x3169ba]


Current CompileTask:
C2:  13479  974       4       sun.font.TrueTypeFont::initAllNames (177 bytes)


---------------  P R O C E S S  ---------------

Java Threads: ( => current thread )
  0x00000000174b0800 JavaThread "D3D Screen Updater" daemon [_thread_blocked, id=816, stack(0x000000001a950000,0x000000001aa50000)]
  0x00000000174a9800 JavaThread "EDT" [_thread_in_vm, id=14784, stack(0x000000001a650000,0x000000001a750000)]
  0x0000000002d62800 JavaThread "DestroyJavaVM" [_thread_blocked, id=10028, stack(0x0000000002900000,0x0000000002a00000)]
  0x0000000016eff800 JavaThread "Thread-4" [_thread_blocked, id=6480, stack(0x0000000018460000,0x0000000018560000)]
  0x0000000016efc800 JavaThread "AWT-EventQueue-0" [_thread_blocked, id=6924, stack(0x0000000018360000,0x0000000018460000)]
  0x0000000016ef8800 JavaThread "AWT-Windows" daemon [_thread_in_native, id=15796, stack(0x0000000018090000,0x0000000018190000)]
  0x00000000173a2000 JavaThread "AWT-Shutdown" [_thread_blocked, id=1776, stack(0x0000000017f90000,0x0000000018090000)]
  0x000000001739f000 JavaThread "Java2D Disposer" daemon [_thread_blocked, id=6156, stack(0x0000000017e90000,0x0000000017f90000)]
  0x0000000016d0a800 JavaThread "Service Thread" daemon [_thread_blocked, id=8444, stack(0x00000000170f0000,0x00000000171f0000)]
  0x000000001549b800 JavaThread "C1 CompilerThread2" daemon [_thread_blocked, id=7404, stack(0x0000000016bf0000,0x0000000016cf0000)]
=>0x000000001548f000 JavaThread "C2 CompilerThread1" daemon [_thread_in_native, id=13708, stack(0x0000000016af0000,0x0000000016bf0000)]
  0x000000001548d000 JavaThread "C2 CompilerThread0" daemon [_thread_in_native, id=4924, stack(0x00000000169f0000,0x0000000016af0000)]
  0x000000001548b800 JavaThread "Attach Listener" daemon [_thread_blocked, id=3152, stack(0x00000000168f0000,0x00000000169f0000)]
  0x0000000015489800 JavaThread "Signal Dispatcher" daemon [_thread_blocked, id=8172, stack(0x00000000167f0000,0x00000000168f0000)]
  0x0000000002e55000 JavaThread "Finalizer" daemon [_thread_blocked, id=13104, stack(0x00000000166f0000,0x00000000167f0000)]
  0x0000000002e4c000 JavaThread "Reference Handler" daemon [_thread_blocked, id=11064, stack(0x00000000165f0000,0x00000000166f0000)]

Other Threads:
  0x0000000015457000 VMThread [stack: 0x00000000164f0000,0x00000000165f0000] [id=8832]
  0x0000000016d1f800 WatcherThread [stack: 0x00000000171f0000,0x00000000172f0000] [id=8732]

VM state:not at safepoint (normal execution)

VM Mutex/Monitor currently owned by a thread: None

Heap:
 PSYoungGen      total 51200K, used 42226K [0x00000000eb000000, 0x00000000ee780000, 0x0000000100000000)
  eden space 50688K, 83% used [0x00000000eb000000,0x00000000ed93c9c0,0x00000000ee180000)
  from space 512K, 0% used [0x00000000ee700000,0x00000000ee700000,0x00000000ee780000)
  to   space 3072K, 0% used [0x00000000ee180000,0x00000000ee180000,0x00000000ee480000)
 ParOldGen       total 157696K, used 54266K [0x00000000c1000000, 0x00000000caa00000, 0x00000000eb000000)
  object space 157696K, 34% used [0x00000000c1000000,0x00000000c44feb98,0x00000000caa00000)
 Metaspace       used 14357K, capacity 14662K, committed 14848K, reserved 1062912K
  class space    used 1698K, capacity 1775K, committed 1792K, reserved 1048576K

Card table byte_map: [0x0000000012220000,0x0000000012420000] byte_map_base: 0x0000000011c18000

Marking Bits: (ParMarkBitMap*) 0x0000000067abd4f0
 Begin Bits: [0x0000000012970000, 0x0000000013930000)
 End Bits:   [0x0000000013930000, 0x00000000148f0000)

Polling page: 0x0000000002890000

CodeCache: size=245760Kb used=3508Kb max_used=3519Kb free=242251Kb
 bounds [0x0000000002e60000, 0x00000000031e0000, 0x0000000011e60000]
 total_blobs=1483 nmethods=957 adapters=440
 compilation: enabled

Compilation events (10 events):
Event: 13.247 Thread 0x000000001549b800  971   !   3       sun.font.TrueTypeFont::getAllFamilyNames (33 bytes)
Event: 13.248 Thread 0x000000001549b800 nmethod 971 0x00000000031cc590 code [0x00000000031cc760, 0x00000000031cced8]
Event: 13.255 Thread 0x000000001548f000 nmethod 960 0x00000000031cef90 code [0x00000000031cf260, 0x00000000031d0220]
Event: 13.255 Thread 0x000000001548f000  969   !   4       sun.font.SunFontManager::addToPool (131 bytes)
Event: 13.273 Thread 0x000000001548f000 nmethod 969 0x00000000031d2f10 code [0x00000000031d3080, 0x00000000031d37c8]
Event: 13.273 Thread 0x000000001548f000  973       4       java.util.HashMap$HashIterator::nextNode (100 bytes)
Event: 13.278 Thread 0x000000001548f000 nmethod 973 0x00000000031d1210 code [0x00000000031d1360, 0x00000000031d1538]
Event: 13.278 Thread 0x000000001548f000  974       4       sun.font.TrueTypeFont::initAllNames (177 bytes)
Event: 13.416 Thread 0x000000001549b800  977       1       sun.java2d.SurfaceData::isSurfaceLost (5 bytes)
Event: 13.417 Thread 0x000000001549b800 nmethod 977 0x00000000031c5810 code [0x00000000031c5960, 0x00000000031c5a70]

GC Heap History (10 events):
Event: 5.560 GC heap before
{Heap before GC invocations=5 (full 1):
 PSYoungGen      total 18944K, used 16384K [0x00000000eb000000, 0x00000000ed500000, 0x0000000100000000)
  eden space 16384K, 100% used [0x00000000eb000000,0x00000000ec000000,0x00000000ec000000)
  from space 2560K, 0% used [0x00000000ec000000,0x00000000ec000000,0x00000000ec280000)
  to   space 2560K, 0% used [0x00000000ed280000,0x00000000ed280000,0x00000000ed500000)
 ParOldGen       total 75264K, used 28053K [0x00000000c1000000, 0x00000000c5980000, 0x00000000eb000000)
  object space 75264K, 37% used [0x00000000c1000000,0x00000000c2b656a0,0x00000000c5980000)
 Metaspace       used 10685K, capacity 11014K, committed 11136K, reserved 1058816K
  class space    used 1267K, capacity 1353K, committed 1408K, reserved 1048576K
Event: 5.562 GC heap after
Heap after GC invocations=5 (full 1):
 PSYoungGen      total 28672K, used 96K [0x00000000eb000000, 0x00000000ed300000, 0x0000000100000000)
  eden space 28160K, 0% used [0x00000000eb000000,0x00000000eb000000,0x00000000ecb80000)
  from space 512K, 18% used [0x00000000ed280000,0x00000000ed298000,0x00000000ed300000)
  to   space 2560K, 0% used [0x00000000ece00000,0x00000000ece00000,0x00000000ed080000)
 ParOldGen       total 75264K, used 28061K [0x00000000c1000000, 0x00000000c5980000, 0x00000000eb000000)
  object space 75264K, 37% used [0x00000000c1000000,0x00000000c2b676a0,0x00000000c5980000)
 Metaspace       used 10685K, capacity 11014K, committed 11136K, reserved 1058816K
  class space    used 1267K, capacity 1353K, committed 1408K, reserved 1048576K
}
Event: 5.716 GC heap before
{Heap before GC invocations=6 (full 1):
 PSYoungGen      total 28672K, used 28256K [0x00000000eb000000, 0x00000000ed300000, 0x0000000100000000)
  eden space 28160K, 100% used [0x00000000eb000000,0x00000000ecb80000,0x00000000ecb80000)
  from space 512K, 18% used [0x00000000ed280000,0x00000000ed298000,0x00000000ed300000)
  to   space 2560K, 0% used [0x00000000ece00000,0x00000000ece00000,0x00000000ed080000)
 ParOldGen       total 75264K, used 28061K [0x00000000c1000000, 0x00000000c5980000, 0x00000000eb000000)
  object space 75264K, 37% used [0x00000000c1000000,0x00000000c2b676a0,0x00000000c5980000)
 Metaspace       used 10685K, capacity 11014K, committed 11136K, reserved 1058816K
  class space    used 1267K, capacity 1353K, committed 1408K, reserved 1048576K
Event: 5.729 GC heap after
Heap after GC invocations=6 (full 1):
 PSYoungGen      total 33280K, used 192K [0x00000000eb000000, 0x00000000eea00000, 0x0000000100000000)
  eden space 30720K, 0% used [0x00000000eb000000,0x00000000eb000000,0x00000000ece00000)
  from space 2560K, 7% used [0x00000000ece00000,0x00000000ece30000,0x00000000ed080000)
  to   space 3072K, 0% used [0x00000000ee700000,0x00000000ee700000,0x00000000eea00000)
 ParOldGen       total 75264K, used 67374K [0x00000000c1000000, 0x00000000c5980000, 0x00000000eb000000)
  object space 75264K, 89% used [0x00000000c1000000,0x00000000c51cbbe8,0x00000000c5980000)
 Metaspace       used 10685K, capacity 11014K, committed 11136K, reserved 1058816K
  class space    used 1267K, capacity 1353K, committed 1408K, reserved 1048576K
}
Event: 5.729 GC heap before
{Heap before GC invocations=7 (full 2):
 PSYoungGen      total 33280K, used 192K [0x00000000eb000000, 0x00000000eea00000, 0x0000000100000000)
  eden space 30720K, 0% used [0x00000000eb000000,0x00000000eb000000,0x00000000ece00000)
  from space 2560K, 7% used [0x00000000ece00000,0x00000000ece30000,0x00000000ed080000)
  to   space 3072K, 0% used [0x00000000ee700000,0x00000000ee700000,0x00000000eea00000)
 ParOldGen       total 75264K, used 67374K [0x00000000c1000000, 0x00000000c5980000, 0x00000000eb000000)
  object space 75264K, 89% used [0x00000000c1000000,0x00000000c51cbbe8,0x00000000c5980000)
 Metaspace       used 10685K, capacity 11014K, committed 11136K, reserved 1058816K
  class space    used 1267K, capacity 1353K, committed 1408K, reserved 1048576K
Event: 5.743 GC heap after
Heap after GC invocations=7 (full 2):
 PSYoungGen      total 33280K, used 0K [0x00000000eb000000, 0x00000000eea00000, 0x0000000100000000)
  eden space 30720K, 0% used [0x00000000eb000000,0x00000000eb000000,0x00000000ece00000)
  from space 2560K, 0% used [0x00000000ece00000,0x00000000ece00000,0x00000000ed080000)
  to   space 3072K, 0% used [0x00000000ee700000,0x00000000ee700000,0x00000000eea00000)
 ParOldGen       total 123392K, used 41222K [0x00000000c1000000, 0x00000000c8880000, 0x00000000eb000000)
  object space 123392K, 33% used [0x00000000c1000000,0x00000000c3841970,0x00000000c8880000)
 Metaspace       used 10685K, capacity 11014K, committed 11136K, reserved 1058816K
  class space    used 1267K, capacity 1353K, committed 1408K, reserved 1048576K
}
Event: 5.925 GC heap before
{Heap before GC invocations=8 (full 2):
 PSYoungGen      total 33280K, used 30720K [0x00000000eb000000, 0x00000000eea00000, 0x0000000100000000)
  eden space 30720K, 100% used [0x00000000eb000000,0x00000000ece00000,0x00000000ece00000)
  from space 2560K, 0% used [0x00000000ece00000,0x00000000ece00000,0x00000000ed080000)
  to   space 3072K, 0% used [0x00000000ee700000,0x00000000ee700000,0x00000000eea00000)
 ParOldGen       total 123392K, used 41222K [0x00000000c1000000, 0x00000000c8880000, 0x00000000eb000000)
  object space 123392K, 33% used [0x00000000c1000000,0x00000000c3841970,0x00000000c8880000)
 Metaspace       used 10685K, capacity 11014K, committed 11136K, reserved 1058816K
  class space    used 1267K, capacity 1353K, committed 1408K, reserved 1048576K
Event: 5.937 GC heap after
Heap after GC invocations=8 (full 2):
 PSYoungGen      total 51200K, used 160K [0x00000000eb000000, 0x00000000ee780000, 0x0000000100000000)
  eden space 50688K, 0% used [0x00000000eb000000,0x00000000eb000000,0x00000000ee180000)
  from space 512K, 31% used [0x00000000ee700000,0x00000000ee728000,0x00000000ee780000)
  to   space 3072K, 0% used [0x00000000ee180000,0x00000000ee180000,0x00000000ee480000)
 ParOldGen       total 123392K, used 80527K [0x00000000c1000000, 0x00000000c8880000, 0x00000000eb000000)
  object space 123392K, 65% used [0x00000000c1000000,0x00000000c5ea3eb8,0x00000000c8880000)
 Metaspace       used 10685K, capacity 11014K, committed 11136K, reserved 1058816K
  class space    used 1267K, capacity 1353K, committed 1408K, reserved 1048576K
}
Event: 5.937 GC heap before
{Heap before GC invocations=9 (full 3):
 PSYoungGen      total 51200K, used 160K [0x00000000eb000000, 0x00000000ee780000, 0x0000000100000000)
  eden space 50688K, 0% used [0x00000000eb000000,0x00000000eb000000,0x00000000ee180000)
  from space 512K, 31% used [0x00000000ee700000,0x00000000ee728000,0x00000000ee780000)
  to   space 3072K, 0% used [0x00000000ee180000,0x00000000ee180000,0x00000000ee480000)
 ParOldGen       total 123392K, used 80527K [0x00000000c1000000, 0x00000000c8880000, 0x00000000eb000000)
  object space 123392K, 65% used [0x00000000c1000000,0x00000000c5ea3eb8,0x00000000c8880000)
 Metaspace       used 10685K, capacity 11014K, committed 11136K, reserved 1058816K
  class space    used 1267K, capacity 1353K, committed 1408K, reserved 1048576K
Event: 5.981 GC heap after
Heap after GC invocations=9 (full 3):
 PSYoungGen      total 51200K, used 0K [0x00000000eb000000, 0x00000000ee780000, 0x0000000100000000)
  eden space 50688K, 0% used [0x00000000eb000000,0x00000000eb000000,0x00000000ee180000)
  from space 512K, 0% used [0x00000000ee700000,0x00000000ee700000,0x00000000ee780000)
  to   space 3072K, 0% used [0x00000000ee180000,0x00000000ee180000,0x00000000ee480000)
 ParOldGen       total 157696K, used 54266K [0x00000000c1000000, 0x00000000caa00000, 0x00000000eb000000)
  object space 157696K, 34% used [0x00000000c1000000,0x00000000c44feb98,0x00000000caa00000)
 Metaspace       used 10685K, capacity 11014K, committed 11136K, reserved 1058816K
  class space    used 1267K, capacity 1353K, committed 1408K, reserved 1048576K
}

Deoptimization events (4 events):
Event: 1.584 Thread 0x0000000016efc800 Uncommon trap: reason=unloaded action=reinterpret pc=0x0000000002fa9814 method=com.codename1.impl.javase.ClassPathLoader.findClass(Ljava/lang/String;)Ljava/lang/Class; @ 107
Event: 1.614 Thread 0x0000000016efc800 Uncommon trap: reason=class_check action=maybe_recompile pc=0x0000000002fa6d68 method=com.codename1.impl.javase.ClassPathLoader.findClass(Ljava/lang/String;)Ljava/lang/Class; @ 229
Event: 1.620 Thread 0x0000000016efc800 Uncommon trap: reason=class_check action=maybe_recompile pc=0x0000000002fa6d68 method=com.codename1.impl.javase.ClassPathLoader.findClass(Ljava/lang/String;)Ljava/lang/Class; @ 229
Event: 13.182 Thread 0x00000000174a9800 Uncommon trap: reason=unloaded action=reinterpret pc=0x000000000313918c method=java.lang.CharacterData.of(I)Ljava/lang/CharacterData; @ 96

Internal exceptions (10 events):
Event: 0.272 Thread 0x0000000002d62800 Exception <a 'java/security/PrivilegedActionException'> (0x00000000eb167d20) thrown at [C:\workspace\8-2-build-windows-amd64-cygwin\jdk8u31\2394\hotspot\src\share\vm\prims\jvm.cpp, line 1312]
Event: 0.272 Thread 0x0000000002d62800 Exception <a 'java/security/PrivilegedActionException'> (0x00000000eb16bab8) thrown at [C:\workspace\8-2-build-windows-amd64-cygwin\jdk8u31\2394\hotspot\src\share\vm\prims\jvm.cpp, line 1312]
Event: 0.272 Thread 0x0000000002d62800 Exception <a 'java/security/PrivilegedActionException'> (0x00000000eb16bc70) thrown at [C:\workspace\8-2-build-windows-amd64-cygwin\jdk8u31\2394\hotspot\src\share\vm\prims\jvm.cpp, line 1312]
Event: 1.346 Thread 0x0000000002d62800 Exception <a 'java/io/FileNotFoundException'> (0x00000000eb5afa50) thrown at [C:\workspace\8-2-build-windows-amd64-cygwin\jdk8u31\2394\hotspot\src\share\vm\prims\jni.cpp, line 716]
Event: 1.382 Thread 0x0000000002d62800 Exception <a 'java/lang/ClassNotFoundException': java/lang/Null> (0x00000000eb5da858) thrown at [C:\workspace\8-2-build-windows-amd64-cygwin\jdk8u31\2394\hotspot\src\share\vm\classfile\systemDictionary.cpp, line 202]
Event: 1.404 Thread 0x0000000002d62800 Exception <a 'java/lang/NoSuchFieldError': method resolution failed> (0x00000000eb68fd78) thrown at [C:\workspace\8-2-build-windows-amd64-cygwin\jdk8u31\2394\hotspot\src\share\vm\prims\methodHandles.cpp, line 1159]
Event: 1.407 Thread 0x0000000002d62800 Exception <a 'java/lang/NoSuchFieldError': method resolution failed> (0x00000000eb69ec60) thrown at [C:\workspace\8-2-build-windows-amd64-cygwin\jdk8u31\2394\hotspot\src\share\vm\prims\methodHandles.cpp, line 1159]
Event: 1.408 Thread 0x0000000002d62800 Exception <a 'java/lang/NoSuchFieldError': method resolution failed> (0x00000000eb6a20e0) thrown at [C:\workspace\8-2-build-windows-amd64-cygwin\jdk8u31\2394\hotspot\src\share\vm\prims\methodHandles.cpp, line 1159]
Event: 1.556 Thread 0x0000000002d62800 Exception <a 'java/security/PrivilegedActionException'> (0x00000000eb6e4a98) thrown at [C:\workspace\8-2-build-windows-amd64-cygwin\jdk8u31\2394\hotspot\src\share\vm\prims\jvm.cpp, line 1312]
Event: 4.002 Thread 0x0000000016efc800 Exception <a 'java/io/FileNotFoundException'> (0x00000000ebdab190) thrown at [C:\workspace\8-2-build-windows-amd64-cygwin\jdk8u31\2394\hotspot\src\share\vm\prims\jni.cpp, line 716]

Events (10 events):
Event: 13.193 Executing VM operation: Deoptimize
Event: 13.194 Executing VM operation: Deoptimize done
Event: 13.194 Thread 0x00000000174a9800 DEOPT PACKING pc=0x000000000313918c sp=0x000000001a74e3a0
Event: 13.194 Thread 0x00000000174a9800 DEOPT UNPACKING pc=0x0000000002ea556a sp=0x000000001a74e238 mode 2
Event: 13.281 Executing VM operation: RevokeBias
Event: 13.281 Executing VM operation: RevokeBias done
Event: 13.281 Executing VM operation: RevokeBias
Event: 13.281 Executing VM operation: RevokeBias done
Event: 13.281 Executing VM operation: RevokeBias
Event: 13.281 Executing VM operation: RevokeBias done


Dynamic libraries:
0x000007f61d8a0000 - 0x000007f61d8d4000 	C:\Program Files\Java\jdk1.8.0_31\jre\bin\java.exe
0x000007feec240000 - 0x000007feec3fd000 	C:\Windows\SYSTEM32\ntdll.dll
0x000007feeb9d0000 - 0x000007feebb07000 	C:\Windows\system32\KERNEL32.DLL
0x000007fee9300000 - 0x000007fee93f4000 	C:\Windows\system32\KERNELBASE.dll
0x000007feebc60000 - 0x000007feebd3e000 	C:\Windows\system32\ADVAPI32.dll
0x000007feebf60000 - 0x000007feec0ac000 	C:\Windows\system32\USER32.dll
0x000007fee5380000 - 0x000007fee55ea000 	C:\Windows\WinSxS\amd64_microsoft.windows.common-controls_6595b64144ccf1df_6.0.9200.17359_none_4188b989718cf1c6\COMCTL32.dll
0x000007fee9d60000 - 0x000007fee9e05000 	C:\Windows\system32\msvcrt.dll
0x000007fee9b50000 - 0x000007fee9b98000 	C:\Windows\SYSTEM32\sechost.dll
0x000007fee9810000 - 0x000007fee9955000 	C:\Windows\system32\RPCRT4.dll
0x000007feebb10000 - 0x000007feebc51000 	C:\Windows\system32\GDI32.dll
0x000007feea650000 - 0x000007feea689000 	C:\Windows\system32\IMM32.DLL
0x000007feec0b0000 - 0x000007feec1c6000 	C:\Windows\system32\MSCTF.dll
0x0000000067200000 - 0x00000000672d2000 	C:\Program Files\Java\jdk1.8.0_31\jre\bin\msvcr100.dll
0x00000000672e0000 - 0x0000000067b3a000 	C:\Program Files\Java\jdk1.8.0_31\jre\bin\server\jvm.dll
0x000007fee7aa0000 - 0x000007fee7aa9000 	C:\Windows\SYSTEM32\WSOCK32.dll
0x000007fee3290000 - 0x000007fee32b0000 	C:\Windows\SYSTEM32\WINMM.dll
0x000007feea210000 - 0x000007feea217000 	C:\Windows\system32\PSAPI.DLL
0x000007feec1d0000 - 0x000007feec228000 	C:\Windows\system32\WS2_32.dll
0x000007fee3250000 - 0x000007fee3283000 	C:\Windows\SYSTEM32\WINMMBASE.dll
0x000007feec230000 - 0x000007feec239000 	C:\Windows\system32\NSI.dll
0x000007fee92b0000 - 0x000007fee92ff000 	C:\Windows\SYSTEM32\cfgmgr32.dll
0x000007fee9280000 - 0x000007fee92a2000 	C:\Windows\system32\DEVOBJ.dll
0x00000000671b0000 - 0x00000000671bf000 	C:\Program Files\Java\jdk1.8.0_31\jre\bin\verify.dll
0x0000000067180000 - 0x00000000671a8000 	C:\Program Files\Java\jdk1.8.0_31\jre\bin\java.dll
0x0000000067160000 - 0x0000000067176000 	C:\Program Files\Java\jdk1.8.0_31\jre\bin\zip.dll
0x000007feea6e0000 - 0x000007feeb9c5000 	C:\Windows\system32\SHELL32.dll
0x000007fee9ba0000 - 0x000007fee9d50000 	C:\Windows\SYSTEM32\combase.dll
0x000007feea690000 - 0x000007feea6e0000 	C:\Windows\system32\SHLWAPI.dll
0x000007fee6960000 - 0x000007fee69f6000 	C:\Windows\SYSTEM32\SHCORE.dll
0x000007fee9150000 - 0x000007fee9165000 	C:\Windows\SYSTEM32\profapi.dll
0x0000000067140000 - 0x000000006715a000 	C:\Program Files\Java\jdk1.8.0_31\jre\bin\net.dll
0x000007fee89a0000 - 0x000007fee89fc000 	C:\Windows\system32\mswsock.dll
0x0000000066f80000 - 0x0000000067118000 	C:\Program Files\Java\jdk1.8.0_31\jre\bin\awt.dll
0x000007fee9690000 - 0x000007fee9753000 	C:\Windows\system32\OLEAUT32.dll
0x000007fee44f0000 - 0x000007fee458e000 	C:\Windows\system32\apphelp.dll
0x000007fee7fd0000 - 0x000007fee80b3000 	C:\Windows\system32\uxtheme.dll
0x000007fee6770000 - 0x000007fee6791000 	C:\Windows\SYSTEM32\dwmapi.dll
0x000007fee99d0000 - 0x000007fee9b4e000 	C:\Windows\system32\ole32.dll
0x000007fee8f90000 - 0x000007fee8f9a000 	C:\Windows\SYSTEM32\CRYPTBASE.dll
0x000007fee8f30000 - 0x000007fee8f8d000 	C:\Windows\SYSTEM32\bcryptPrimitives.dll
0x000007fed7c80000 - 0x000007fed7e80000 	C:\Windows\system32\d3d9.dll
0x000007fee4050000 - 0x000007fee4059000 	C:\Windows\SYSTEM32\VERSION.dll
0x000007febede0000 - 0x000007fec0599000 	C:\Windows\SYSTEM32\igdumdim64.dll
0x000007fedbb20000 - 0x000007fedc505000 	C:\Windows\SYSTEM32\igdusc64.dll
0x000007fee8a00000 - 0x000007fee8a1a000 	C:\Windows\SYSTEM32\CRYPTSP.dll
0x000007fee8680000 - 0x000007fee86cb000 	C:\Windows\system32\rsaenh.dll
0x000007fee8780000 - 0x000007fee879f000 	C:\Windows\SYSTEM32\USERENV.dll
0x000007fee3f90000 - 0x000007fee3fba000 	C:\Windows\SYSTEM32\IPHLPAPI.DLL
0x000007fee3f70000 - 0x000007fee3f7a000 	C:\Windows\SYSTEM32\WINNSI.DLL
0x000007fee3a50000 - 0x000007fee3a63000 	C:\Windows\SYSTEM32\dhcpcsvc6.DLL
0x000007fee3a30000 - 0x000007fee3a48000 	C:\Windows\SYSTEM32\dhcpcsvc.DLL
0x0000000067120000 - 0x0000000067131000 	C:\Program Files\Java\jdk1.8.0_31\jre\bin\nio.dll
0x0000000065280000 - 0x00000000652c7000 	C:\Program Files\Java\jdk1.8.0_31\jre\bin\fontmanager.dll
0x0000000065230000 - 0x0000000065271000 	C:\Program Files\Java\jdk1.8.0_31\jre\bin\t2k.dll

VM Arguments:
jvm_args: -Dfile.encoding=UTF-8 
java_command: com.codename1.impl.javase.Simulator com.gentrepot.into.MyApplication
java_class_path (initial): C:\Users\guiforodrigue\Desktop\MY3A27\PIDEV\GEntrepot-Mobile\GentrepotMobile\JavaSE.jar;C:\Users\guiforodrigue\Desktop\MY3A27\PIDEV\GEntrepot-Mobile\GentrepotMobile\lib\CLDC11.jar;C:\Users\guiforodrigue\Desktop\MY3A27\PIDEV\GEntrepot-Mobile\GentrepotMobile\lib\CodenameOne.jar;C:\Users\guiforodrigue\Desktop\MY3A27\PIDEV\GEntrepot-Mobile\GentrepotMobile\lib\CodenameOne_SRC.zip;C:\Users\guiforodrigue\Desktop\MY3A27\PIDEV\GEntrepot-Mobile\GentrepotMobile\lib\impl\cls;C:\Users\guiforodrigue\Desktop\MY3A27\PIDEV\GEntrepot-Mobile\GentrepotMobile\lib\impl\stubs;C:\Users\guiforodrigue\Downloads\json-20190722.jar;C:\Users\guiforodrigue\Downloads\jason-simple\json-simple-2.1.2.jar;C:\Users\guiforodrigue\Desktop\MY3A27\PIDEV\GEntrepot-Mobile\GentrepotMobile\build\classes;C:\Users\guiforodrigue\Desktop\MY3A27\PIDEV\GEntrepot-Mobile\GentrepotMobile\native\internal_tmp
Launcher Type: SUN_STANDARD

Environment Variables:
PATH=C:\ProgramData\Oracle\Java\javapath;C:\Program Files (x86)\Common Files\Oracle\Java\javapath;C:\app\guiforodrigue\product\18.0.0\dbhomeXE\bin;C:\wamp64\bin\php\php7.2.18;C:\Program Files\Git\cmd;C:\ProgramData\ComposerSetup\bin;C:\Users\guiforodrigue\AppData\Local\Programs\Python\Python38-32\Scripts\;C:\Users\guiforodrigue\AppData\Local\Programs\Python\Python38-32\;C:\wamp64\bin\php\php7.2.18;C:\Program Files\JetBrains\PhpStorm 2019.2.3\bin;;C:\Users\guiforodrigue\AppData\Roaming\Composer\vendor\bin
USERNAME=guiforodrigue
OS=Windows_NT
PROCESSOR_IDENTIFIER=Intel64 Family 6 Model 69 Stepping 1, GenuineIntel



---------------  S Y S T E M  ---------------

OS: Windows 8 , 64 bit Build 9200 

CPU:total 4 (2 cores per cpu, 2 threads per core) family 6 model 69 stepping 1, cmov, cx8, fxsr, mmx, sse, sse2, sse3, ssse3, sse4.1, sse4.2, popcnt, avx, avx2, aes, clmul, erms, lzcnt, ht, tsc, tscinvbit, bmi1, bmi2

Memory: 4k page, physical 4124500k(321964k free), swap 16707412k(4396k free)

vm_info: Java HotSpot(TM) 64-Bit Server VM (25.31-b07) for windows-amd64 JRE (1.8.0_31-b13), built on Dec 17 2014 21:00:28 by "java_re" with MS VC++ 10.0 (VS2010)

time: Sat May 16 21:01:26 2020
elapsed time: 13 seconds (0d 0h 0m 13s)

