#
# There is insufficient memory for the Java Runtime Environment to continue.
# Native memory allocation (malloc) failed to allocate 1810176 bytes for Chunk::new
# Possible reasons:
#   The system is out of physical RAM or swap space
#   In 32 bit mode, the process size limit was hit
# Possible solutions:
#   Reduce memory load on the system
#   Increase physical memory or swap space
#   Check if swap backing store is full
#   Use 64 bit Java on a 64 bit OS
#   Decrease Java heap size (-Xmx/-Xms)
#   Decrease number of Java threads
#   Decrease Java thread stack sizes (-Xss)
#   Set larger code cache with -XX:ReservedCodeCacheSize=
# This output file may be truncated or incomplete.
#
#  Out of Memory Error (allocation.cpp:390), pid=6052, tid=13544
#
# JRE version: Java(TM) SE Runtime Environment (8.0_31-b13) (build 1.8.0_31-b13)
# Java VM: Java HotSpot(TM) 64-Bit Server VM (25.31-b07 mixed mode windows-amd64 compressed oops)
# Failed to write core dump. Minidumps are not enabled by default on client versions of Windows
#

---------------  T H R E A D  ---------------

Current thread (0x00000000152f2800):  JavaThread "C2 CompilerThread1" daemon [_thread_in_native, id=13544, stack(0x0000000016950000,0x0000000016a50000)]

Stack: [0x0000000016950000,0x0000000016a50000]
Native frames: (J=compiled Java code, j=interpreted, Vv=VM code, C=native code)
V  [jvm.dll+0x3169ba]
V  [jvm.dll+0x2674c3]
V  [jvm.dll+0x268103]
V  [jvm.dll+0x25f8f5]
V  [jvm.dll+0xbf025]
V  [jvm.dll+0xbf4cc]
V  [jvm.dll+0x45df82]
V  [jvm.dll+0x49f21f]
V  [jvm.dll+0x452f28]
V  [jvm.dll+0x454124]
V  [jvm.dll+0x437c62]
V  [jvm.dll+0x988e2]
V  [jvm.dll+0x990d3]
V  [jvm.dll+0x22c194]
V  [jvm.dll+0x28576a]
C  [msvcr100.dll+0x21d9f]
C  [msvcr100.dll+0x21e3b]
C  [KERNEL32.DLL+0x1842]
C  [ntdll.dll+0x3df11]


Current CompileTask:
C2:  12859  966       4       sun.font.TrueTypeFont::initAllNames (177 bytes)


---------------  P R O C E S S  ---------------

Java Threads: ( => current thread )
  0x000000001ba82000 JavaThread "Network Thread" [_thread_blocked, id=16016, stack(0x000000001a0a0000,0x000000001a1a0000)]
  0x0000000017a4e000 JavaThread "Network Thread" [_thread_blocked, id=8268, stack(0x0000000019a90000,0x0000000019b90000)]
  0x0000000016eb5800 JavaThread "D3D Screen Updater" daemon [_thread_blocked, id=13748, stack(0x000000001a7b0000,0x000000001a8b0000)]
  0x0000000016e9f000 JavaThread "EDT" [_thread_in_vm, id=9308, stack(0x000000001a4b0000,0x000000001a5b0000)]
  0x0000000002bc2800 JavaThread "DestroyJavaVM" [_thread_blocked, id=12164, stack(0x00000000027e0000,0x00000000028e0000)]
  0x0000000016e8c000 JavaThread "Thread-4" [_thread_blocked, id=8224, stack(0x0000000018300000,0x0000000018400000)]
  0x0000000016e89800 JavaThread "AWT-EventQueue-0" [_thread_blocked, id=15976, stack(0x0000000018200000,0x0000000018300000)]
  0x0000000016e86000 JavaThread "AWT-Windows" daemon [_thread_in_native, id=12768, stack(0x0000000017ef0000,0x0000000017ff0000)]
  0x0000000016e83000 JavaThread "AWT-Shutdown" [_thread_blocked, id=11944, stack(0x0000000017df0000,0x0000000017ef0000)]
  0x0000000016d6f000 JavaThread "Java2D Disposer" daemon [_thread_blocked, id=8404, stack(0x0000000017150000,0x0000000017250000)]
  0x0000000016b68000 JavaThread "Service Thread" daemon [_thread_blocked, id=11416, stack(0x0000000016f50000,0x0000000017050000)]
  0x00000000152f6000 JavaThread "C1 CompilerThread2" daemon [_thread_in_native, id=7360, stack(0x0000000016a50000,0x0000000016b50000)]
=>0x00000000152f2800 JavaThread "C2 CompilerThread1" daemon [_thread_in_native, id=13544, stack(0x0000000016950000,0x0000000016a50000)]
  0x00000000152f0800 JavaThread "C2 CompilerThread0" daemon [_thread_in_native, id=4704, stack(0x0000000016850000,0x0000000016950000)]
  0x00000000152ec000 JavaThread "Attach Listener" daemon [_thread_blocked, id=144, stack(0x0000000016750000,0x0000000016850000)]
  0x00000000152ea000 JavaThread "Signal Dispatcher" daemon [_thread_blocked, id=13512, stack(0x0000000016650000,0x0000000016750000)]
  0x0000000002cb5000 JavaThread "Finalizer" daemon [_thread_blocked, id=6284, stack(0x0000000016550000,0x0000000016650000)]
  0x0000000002cac000 JavaThread "Reference Handler" daemon [_thread_blocked, id=15892, stack(0x0000000016450000,0x0000000016550000)]

Other Threads:
  0x00000000152b7000 VMThread [stack: 0x0000000016350000,0x0000000016450000] [id=14108]
  0x0000000016b7a000 WatcherThread [stack: 0x0000000017050000,0x0000000017150000] [id=9976]

VM state:not at safepoint (normal execution)

VM Mutex/Monitor currently owned by a thread: None

Heap:
 PSYoungGen      total 54272K, used 44602K [0x00000000eb000000, 0x00000000ee900000, 0x0000000100000000)
  eden space 52224K, 85% used [0x00000000eb000000,0x00000000edb8e8c0,0x00000000ee300000)
  from space 2048K, 0% used [0x00000000ee700000,0x00000000ee700000,0x00000000ee900000)
  to   space 3072K, 0% used [0x00000000ee300000,0x00000000ee300000,0x00000000ee600000)
 ParOldGen       total 158720K, used 54266K [0x00000000c1000000, 0x00000000cab00000, 0x00000000eb000000)
  object space 158720K, 34% used [0x00000000c1000000,0x00000000c44feba8,0x00000000cab00000)
 Metaspace       used 14594K, capacity 14886K, committed 15232K, reserved 1062912K
  class space    used 1739K, capacity 1807K, committed 1920K, reserved 1048576K

Card table byte_map: [0x0000000012080000,0x0000000012280000] byte_map_base: 0x0000000011a78000

Marking Bits: (ParMarkBitMap*) 0x0000000067abd4f0
 Begin Bits: [0x00000000127d0000, 0x0000000013790000)
 End Bits:   [0x0000000013790000, 0x0000000014750000)

Polling page: 0x0000000000f20000

CodeCache: size=245760Kb used=3573Kb max_used=3573Kb free=242186Kb
 bounds [0x0000000002cc0000, 0x0000000003040000, 0x0000000011cc0000]
 total_blobs=1513 nmethods=977 adapters=450
 compilation: enabled

Compilation events (10 events):
Event: 12.554 Thread 0x00000000152f6000  973       3       sun.misc.MetaIndex::mayContain (51 bytes)
Event: 12.555 Thread 0x00000000152f6000 nmethod 973 0x0000000003039f50 code [0x000000000303a100, 0x000000000303a778]
Event: 12.557 Thread 0x00000000152f6000  974       3       java.lang.StringBuilder::append (8 bytes)
Event: 12.558 Thread 0x00000000152f6000 nmethod 974 0x0000000003036910 code [0x0000000003036aa0, 0x0000000003036db8]
Event: 12.558 Thread 0x00000000152f6000  975       1       java.lang.Byte::byteValue (5 bytes)
Event: 12.558 Thread 0x00000000152f6000 nmethod 975 0x000000000301ff10 code [0x0000000003020060, 0x0000000003020170]
Event: 12.558 Thread 0x00000000152f6000  976       3       java.util.Hashtable$Enumerator::hasMoreElements (53 bytes)
Event: 12.559 Thread 0x00000000152f6000 nmethod 976 0x000000000303aa10 code [0x000000000303ab80, 0x000000000303ae50]
Event: 12.559 Thread 0x00000000152f6000  977       3       java.util.Hashtable$Enumerator::nextElement (111 bytes)
Event: 12.560 Thread 0x00000000152f6000 nmethod 977 0x000000000303af90 code [0x000000000303b120, 0x000000000303b548]

GC Heap History (10 events):
Event: 4.229 GC heap before
{Heap before GC invocations=5 (full 1):
 PSYoungGen      total 18944K, used 16384K [0x00000000eb000000, 0x00000000ed500000, 0x0000000100000000)
  eden space 16384K, 100% used [0x00000000eb000000,0x00000000ec000000,0x00000000ec000000)
  from space 2560K, 0% used [0x00000000ec000000,0x00000000ec000000,0x00000000ec280000)
  to   space 2560K, 0% used [0x00000000ed280000,0x00000000ed280000,0x00000000ed500000)
 ParOldGen       total 77312K, used 28053K [0x00000000c1000000, 0x00000000c5b80000, 0x00000000eb000000)
  object space 77312K, 36% used [0x00000000c1000000,0x00000000c2b656b0,0x00000000c5b80000)
 Metaspace       used 10680K, capacity 10982K, committed 11136K, reserved 1058816K
  class space    used 1264K, capacity 1321K, committed 1408K, reserved 1048576K
Event: 4.238 GC heap after
Heap after GC invocations=5 (full 1):
 PSYoungGen      total 29184K, used 128K [0x00000000eb000000, 0x00000000ed300000, 0x0000000100000000)
  eden space 28672K, 0% used [0x00000000eb000000,0x00000000eb000000,0x00000000ecc00000)
  from space 512K, 25% used [0x00000000ed280000,0x00000000ed2a0000,0x00000000ed300000)
  to   space 2560K, 0% used [0x00000000ece00000,0x00000000ece00000,0x00000000ed080000)
 ParOldGen       total 77312K, used 28061K [0x00000000c1000000, 0x00000000c5b80000, 0x00000000eb000000)
  object space 77312K, 36% used [0x00000000c1000000,0x00000000c2b676b0,0x00000000c5b80000)
 Metaspace       used 10680K, capacity 10982K, committed 11136K, reserved 1058816K
  class space    used 1264K, capacity 1321K, committed 1408K, reserved 1048576K
}
Event: 4.392 GC heap before
{Heap before GC invocations=6 (full 1):
 PSYoungGen      total 29184K, used 28800K [0x00000000eb000000, 0x00000000ed300000, 0x0000000100000000)
  eden space 28672K, 100% used [0x00000000eb000000,0x00000000ecc00000,0x00000000ecc00000)
  from space 512K, 25% used [0x00000000ed280000,0x00000000ed2a0000,0x00000000ed300000)
  to   space 2560K, 0% used [0x00000000ece00000,0x00000000ece00000,0x00000000ed080000)
 ParOldGen       total 77312K, used 28061K [0x00000000c1000000, 0x00000000c5b80000, 0x00000000eb000000)
  object space 77312K, 36% used [0x00000000c1000000,0x00000000c2b676b0,0x00000000c5b80000)
 Metaspace       used 10681K, capacity 10982K, committed 11136K, reserved 1058816K
  class space    used 1264K, capacity 1321K, committed 1408K, reserved 1048576K
Event: 4.407 GC heap after
Heap after GC invocations=6 (full 1):
 PSYoungGen      total 33280K, used 192K [0x00000000eb000000, 0x00000000eea00000, 0x0000000100000000)
  eden space 30720K, 0% used [0x00000000eb000000,0x00000000eb000000,0x00000000ece00000)
  from space 2560K, 7% used [0x00000000ece00000,0x00000000ece30000,0x00000000ed080000)
  to   space 3072K, 0% used [0x00000000ee700000,0x00000000ee700000,0x00000000eea00000)
 ParOldGen       total 77312K, used 67374K [0x00000000c1000000, 0x00000000c5b80000, 0x00000000eb000000)
  object space 77312K, 87% used [0x00000000c1000000,0x00000000c51cbbf8,0x00000000c5b80000)
 Metaspace       used 10681K, capacity 10982K, committed 11136K, reserved 1058816K
  class space    used 1264K, capacity 1321K, committed 1408K, reserved 1048576K
}
Event: 4.407 GC heap before
{Heap before GC invocations=7 (full 2):
 PSYoungGen      total 33280K, used 192K [0x00000000eb000000, 0x00000000eea00000, 0x0000000100000000)
  eden space 30720K, 0% used [0x00000000eb000000,0x00000000eb000000,0x00000000ece00000)
  from space 2560K, 7% used [0x00000000ece00000,0x00000000ece30000,0x00000000ed080000)
  to   space 3072K, 0% used [0x00000000ee700000,0x00000000ee700000,0x00000000eea00000)
 ParOldGen       total 77312K, used 67374K [0x00000000c1000000, 0x00000000c5b80000, 0x00000000eb000000)
  object space 77312K, 87% used [0x00000000c1000000,0x00000000c51cbbf8,0x00000000c5b80000)
 Metaspace       used 10681K, capacity 10982K, committed 11136K, reserved 1058816K
  class space    used 1264K, capacity 1321K, committed 1408K, reserved 1048576K
Event: 4.419 GC heap after
Heap after GC invocations=7 (full 2):
 PSYoungGen      total 33280K, used 0K [0x00000000eb000000, 0x00000000eea00000, 0x0000000100000000)
  eden space 30720K, 0% used [0x00000000eb000000,0x00000000eb000000,0x00000000ece00000)
  from space 2560K, 0% used [0x00000000ece00000,0x00000000ece00000,0x00000000ed080000)
  to   space 3072K, 0% used [0x00000000ee700000,0x00000000ee700000,0x00000000eea00000)
 ParOldGen       total 124416K, used 41222K [0x00000000c1000000, 0x00000000c8980000, 0x00000000eb000000)
  object space 124416K, 33% used [0x00000000c1000000,0x00000000c38419e8,0x00000000c8980000)
 Metaspace       used 10681K, capacity 10982K, committed 11136K, reserved 1058816K
  class space    used 1264K, capacity 1321K, committed 1408K, reserved 1048576K
}
Event: 4.578 GC heap before
{Heap before GC invocations=8 (full 2):
 PSYoungGen      total 33280K, used 30720K [0x00000000eb000000, 0x00000000eea00000, 0x0000000100000000)
  eden space 30720K, 100% used [0x00000000eb000000,0x00000000ece00000,0x00000000ece00000)
  from space 2560K, 0% used [0x00000000ece00000,0x00000000ece00000,0x00000000ed080000)
  to   space 3072K, 0% used [0x00000000ee700000,0x00000000ee700000,0x00000000eea00000)
 ParOldGen       total 124416K, used 41222K [0x00000000c1000000, 0x00000000c8980000, 0x00000000eb000000)
  object space 124416K, 33% used [0x00000000c1000000,0x00000000c38419e8,0x00000000c8980000)
 Metaspace       used 10681K, capacity 10982K, committed 11136K, reserved 1058816K
  class space    used 1264K, capacity 1321K, committed 1408K, reserved 1048576K
Event: 4.590 GC heap after
Heap after GC invocations=8 (full 2):
 PSYoungGen      total 54272K, used 160K [0x00000000eb000000, 0x00000000ee900000, 0x0000000100000000)
  eden space 52224K, 0% used [0x00000000eb000000,0x00000000eb000000,0x00000000ee300000)
  from space 2048K, 7% used [0x00000000ee700000,0x00000000ee728000,0x00000000ee900000)
  to   space 3072K, 0% used [0x00000000ee300000,0x00000000ee300000,0x00000000ee600000)
 ParOldGen       total 124416K, used 80527K [0x00000000c1000000, 0x00000000c8980000, 0x00000000eb000000)
  object space 124416K, 64% used [0x00000000c1000000,0x00000000c5ea3f30,0x00000000c8980000)
 Metaspace       used 10681K, capacity 10982K, committed 11136K, reserved 1058816K
  class space    used 1264K, capacity 1321K, committed 1408K, reserved 1048576K
}
Event: 4.590 GC heap before
{Heap before GC invocations=9 (full 3):
 PSYoungGen      total 54272K, used 160K [0x00000000eb000000, 0x00000000ee900000, 0x0000000100000000)
  eden space 52224K, 0% used [0x00000000eb000000,0x00000000eb000000,0x00000000ee300000)
  from space 2048K, 7% used [0x00000000ee700000,0x00000000ee728000,0x00000000ee900000)
  to   space 3072K, 0% used [0x00000000ee300000,0x00000000ee300000,0x00000000ee600000)
 ParOldGen       total 124416K, used 80527K [0x00000000c1000000, 0x00000000c8980000, 0x00000000eb000000)
  object space 124416K, 64% used [0x00000000c1000000,0x00000000c5ea3f30,0x00000000c8980000)
 Metaspace       used 10681K, capacity 10982K, committed 11136K, reserved 1058816K
  class space    used 1264K, capacity 1321K, committed 1408K, reserved 1048576K
Event: 4.638 GC heap after
Heap after GC invocations=9 (full 3):
 PSYoungGen      total 54272K, used 0K [0x00000000eb000000, 0x00000000ee900000, 0x0000000100000000)
  eden space 52224K, 0% used [0x00000000eb000000,0x00000000eb000000,0x00000000ee300000)
  from space 2048K, 0% used [0x00000000ee700000,0x00000000ee700000,0x00000000ee900000)
  to   space 3072K, 0% used [0x00000000ee300000,0x00000000ee300000,0x00000000ee600000)
 ParOldGen       total 158720K, used 54266K [0x00000000c1000000, 0x00000000cab00000, 0x00000000eb000000)
  object space 158720K, 34% used [0x00000000c1000000,0x00000000c44feba8,0x00000000cab00000)
 Metaspace       used 10681K, capacity 10982K, committed 11136K, reserved 1058816K
  class space    used 1264K, capacity 1321K, committed 1408K, reserved 1048576K
}

Deoptimization events (5 events):
Event: 1.050 Thread 0x0000000016e89800 Uncommon trap: reason=unloaded action=reinterpret pc=0x0000000002e0e3c4 method=com.codename1.impl.javase.ClassPathLoader.findClass(Ljava/lang/String;)Ljava/lang/Class; @ 107
Event: 1.076 Thread 0x0000000016e89800 Uncommon trap: reason=class_check action=maybe_recompile pc=0x0000000002e06be8 method=com.codename1.impl.javase.ClassPathLoader.findClass(Ljava/lang/String;)Ljava/lang/Class; @ 229
Event: 1.078 Thread 0x0000000016e89800 Uncommon trap: reason=class_check action=maybe_recompile pc=0x0000000002e06be8 method=com.codename1.impl.javase.ClassPathLoader.findClass(Ljava/lang/String;)Ljava/lang/Class; @ 229
Event: 1.080 Thread 0x0000000016e89800 Uncommon trap: reason=class_check action=maybe_recompile pc=0x0000000002e06be8 method=com.codename1.impl.javase.ClassPathLoader.findClass(Ljava/lang/String;)Ljava/lang/Class; @ 229
Event: 12.366 Thread 0x0000000016e9f000 Uncommon trap: reason=unloaded action=reinterpret pc=0x0000000002f9698c method=java.lang.CharacterData.of(I)Ljava/lang/CharacterData; @ 96

Internal exceptions (10 events):
Event: 0.314 Thread 0x0000000002bc2800 Exception <a 'java/security/PrivilegedActionException'> (0x00000000eb167d20) thrown at [C:\workspace\8-2-build-windows-amd64-cygwin\jdk8u31\2394\hotspot\src\share\vm\prims\jvm.cpp, line 1312]
Event: 0.315 Thread 0x0000000002bc2800 Exception <a 'java/security/PrivilegedActionException'> (0x00000000eb16bab8) thrown at [C:\workspace\8-2-build-windows-amd64-cygwin\jdk8u31\2394\hotspot\src\share\vm\prims\jvm.cpp, line 1312]
Event: 0.315 Thread 0x0000000002bc2800 Exception <a 'java/security/PrivilegedActionException'> (0x00000000eb16bc70) thrown at [C:\workspace\8-2-build-windows-amd64-cygwin\jdk8u31\2394\hotspot\src\share\vm\prims\jvm.cpp, line 1312]
Event: 0.820 Thread 0x0000000002bc2800 Exception <a 'java/io/FileNotFoundException'> (0x00000000eb5afa50) thrown at [C:\workspace\8-2-build-windows-amd64-cygwin\jdk8u31\2394\hotspot\src\share\vm\prims\jni.cpp, line 716]
Event: 0.857 Thread 0x0000000002bc2800 Exception <a 'java/lang/ClassNotFoundException': java/lang/Null> (0x00000000eb5da858) thrown at [C:\workspace\8-2-build-windows-amd64-cygwin\jdk8u31\2394\hotspot\src\share\vm\classfile\systemDictionary.cpp, line 202]
Event: 0.882 Thread 0x0000000002bc2800 Exception <a 'java/lang/NoSuchFieldError': method resolution failed> (0x00000000eb68fd78) thrown at [C:\workspace\8-2-build-windows-amd64-cygwin\jdk8u31\2394\hotspot\src\share\vm\prims\methodHandles.cpp, line 1159]
Event: 0.884 Thread 0x0000000002bc2800 Exception <a 'java/lang/NoSuchFieldError': method resolution failed> (0x00000000eb69ec60) thrown at [C:\workspace\8-2-build-windows-amd64-cygwin\jdk8u31\2394\hotspot\src\share\vm\prims\methodHandles.cpp, line 1159]
Event: 0.885 Thread 0x0000000002bc2800 Exception <a 'java/lang/NoSuchFieldError': method resolution failed> (0x00000000eb6a20e0) thrown at [C:\workspace\8-2-build-windows-amd64-cygwin\jdk8u31\2394\hotspot\src\share\vm\prims\methodHandles.cpp, line 1159]
Event: 1.047 Thread 0x0000000002bc2800 Exception <a 'java/security/PrivilegedActionException'> (0x00000000eb6e4a98) thrown at [C:\workspace\8-2-build-windows-amd64-cygwin\jdk8u31\2394\hotspot\src\share\vm\prims\jvm.cpp, line 1312]
Event: 3.017 Thread 0x0000000016e89800 Exception <a 'java/io/FileNotFoundException'> (0x00000000ebda9fa0) thrown at [C:\workspace\8-2-build-windows-amd64-cygwin\jdk8u31\2394\hotspot\src\share\vm\prims\jni.cpp, line 716]

Events (10 events):
Event: 12.462 Executing VM operation: RevokeBias
Event: 12.462 Executing VM operation: RevokeBias done
Event: 12.462 Executing VM operation: RevokeBias
Event: 12.462 Executing VM operation: RevokeBias done
Event: 12.462 Executing VM operation: RevokeBias
Event: 12.462 Executing VM operation: RevokeBias done
Event: 12.550 Thread 0x0000000017a4e000 Thread added: 0x0000000017a4e000
Event: 12.551 Thread 0x000000001ba82000 Thread added: 0x000000001ba82000
Event: 12.562 Executing VM operation: RevokeBias
Event: 12.562 Executing VM operation: RevokeBias done


Dynamic libraries:
0x000007f6fece0000 - 0x000007f6fed14000 	C:\Program Files\Java\jdk1.8.0_31\jre\bin\java.exe
0x000007feec240000 - 0x000007feec3fd000 	C:\Windows\SYSTEM32\ntdll.dll
0x000007feeb9d0000 - 0x000007feebb07000 	C:\Windows\system32\KERNEL32.DLL
0x000007fee9300000 - 0x000007fee93f4000 	C:\Windows\system32\KERNELBASE.dll
0x000007feebc60000 - 0x000007feebd3e000 	C:\Windows\system32\ADVAPI32.dll
0x000007feebf60000 - 0x000007feec0ac000 	C:\Windows\system32\USER32.dll
0x000007fee5380000 - 0x000007fee55ea000 	C:\Windows\WinSxS\amd64_microsoft.windows.common-controls_6595b64144ccf1df_6.0.9200.17359_none_4188b989718cf1c6\COMCTL32.dll
0x000007fee9d60000 - 0x000007fee9e05000 	C:\Windows\system32\msvcrt.dll
0x000007fee9b50000 - 0x000007fee9b98000 	C:\Windows\SYSTEM32\sechost.dll
0x000007fee9810000 - 0x000007fee9955000 	C:\Windows\system32\RPCRT4.dll
0x000007feebb10000 - 0x000007feebc51000 	C:\Windows\system32\GDI32.dll
0x000007feea650000 - 0x000007feea689000 	C:\Windows\system32\IMM32.DLL
0x000007feec0b0000 - 0x000007feec1c6000 	C:\Windows\system32\MSCTF.dll
0x0000000067200000 - 0x00000000672d2000 	C:\Program Files\Java\jdk1.8.0_31\jre\bin\msvcr100.dll
0x00000000672e0000 - 0x0000000067b3a000 	C:\Program Files\Java\jdk1.8.0_31\jre\bin\server\jvm.dll
0x000007fee7a10000 - 0x000007fee7a19000 	C:\Windows\SYSTEM32\WSOCK32.dll
0x000007fee3290000 - 0x000007fee32b0000 	C:\Windows\SYSTEM32\WINMM.dll
0x000007feea210000 - 0x000007feea217000 	C:\Windows\system32\PSAPI.DLL
0x000007feec1d0000 - 0x000007feec228000 	C:\Windows\system32\WS2_32.dll
0x000007fee3250000 - 0x000007fee3283000 	C:\Windows\SYSTEM32\WINMMBASE.dll
0x000007feec230000 - 0x000007feec239000 	C:\Windows\system32\NSI.dll
0x000007fee92b0000 - 0x000007fee92ff000 	C:\Windows\SYSTEM32\cfgmgr32.dll
0x000007fee9280000 - 0x000007fee92a2000 	C:\Windows\system32\DEVOBJ.dll
0x00000000671b0000 - 0x00000000671bf000 	C:\Program Files\Java\jdk1.8.0_31\jre\bin\verify.dll
0x0000000067180000 - 0x00000000671a8000 	C:\Program Files\Java\jdk1.8.0_31\jre\bin\java.dll
0x0000000067160000 - 0x0000000067176000 	C:\Program Files\Java\jdk1.8.0_31\jre\bin\zip.dll
0x000007feea6e0000 - 0x000007feeb9c5000 	C:\Windows\system32\SHELL32.dll
0x000007fee9ba0000 - 0x000007fee9d50000 	C:\Windows\SYSTEM32\combase.dll
0x000007feea690000 - 0x000007feea6e0000 	C:\Windows\system32\SHLWAPI.dll
0x000007fee6960000 - 0x000007fee69f6000 	C:\Windows\SYSTEM32\SHCORE.dll
0x000007fee9150000 - 0x000007fee9165000 	C:\Windows\SYSTEM32\profapi.dll
0x0000000067140000 - 0x000000006715a000 	C:\Program Files\Java\jdk1.8.0_31\jre\bin\net.dll
0x000007fee89a0000 - 0x000007fee89fc000 	C:\Windows\system32\mswsock.dll
0x0000000066f80000 - 0x0000000067118000 	C:\Program Files\Java\jdk1.8.0_31\jre\bin\awt.dll
0x000007fee9690000 - 0x000007fee9753000 	C:\Windows\system32\OLEAUT32.dll
0x000007fee44f0000 - 0x000007fee458e000 	C:\Windows\system32\apphelp.dll
0x000007fee7fd0000 - 0x000007fee80b3000 	C:\Windows\system32\uxtheme.dll
0x000007fee6770000 - 0x000007fee6791000 	C:\Windows\SYSTEM32\dwmapi.dll
0x000007fee99d0000 - 0x000007fee9b4e000 	C:\Windows\system32\ole32.dll
0x000007fee8f90000 - 0x000007fee8f9a000 	C:\Windows\SYSTEM32\CRYPTBASE.dll
0x000007fee8f30000 - 0x000007fee8f8d000 	C:\Windows\SYSTEM32\bcryptPrimitives.dll
0x000007fed7c80000 - 0x000007fed7e80000 	C:\Windows\system32\d3d9.dll
0x000007fee4050000 - 0x000007fee4059000 	C:\Windows\SYSTEM32\VERSION.dll
0x000007feca7c0000 - 0x000007fecbf79000 	C:\Windows\SYSTEM32\igdumdim64.dll
0x000007fedbb20000 - 0x000007fedc505000 	C:\Windows\SYSTEM32\igdusc64.dll
0x000007fee8a00000 - 0x000007fee8a1a000 	C:\Windows\SYSTEM32\CRYPTSP.dll
0x000007fee8680000 - 0x000007fee86cb000 	C:\Windows\system32\rsaenh.dll
0x000007fee8780000 - 0x000007fee879f000 	C:\Windows\SYSTEM32\USERENV.dll
0x000007fee3f90000 - 0x000007fee3fba000 	C:\Windows\SYSTEM32\IPHLPAPI.DLL
0x000007fee3f70000 - 0x000007fee3f7a000 	C:\Windows\SYSTEM32\WINNSI.DLL
0x000007fee3a50000 - 0x000007fee3a63000 	C:\Windows\SYSTEM32\dhcpcsvc6.DLL
0x000007fee3a30000 - 0x000007fee3a48000 	C:\Windows\SYSTEM32\dhcpcsvc.DLL
0x0000000067120000 - 0x0000000067131000 	C:\Program Files\Java\jdk1.8.0_31\jre\bin\nio.dll
0x0000000066f30000 - 0x0000000066f77000 	C:\Program Files\Java\jdk1.8.0_31\jre\bin\fontmanager.dll
0x0000000066ee0000 - 0x0000000066f21000 	C:\Program Files\Java\jdk1.8.0_31\jre\bin\t2k.dll
0x000007fee2a70000 - 0x000007fee2bd3000 	C:\Windows\SYSTEM32\dbghelp.dll

VM Arguments:
jvm_args: -Dfile.encoding=UTF-8 
java_command: com.codename1.impl.javase.Simulator com.gentrepot.into.MyApplication
java_class_path (initial): C:\Users\guiforodrigue\Desktop\MY3A27\PIDEV\GEntrepot-Mobile\GentrepotMobile\JavaSE.jar;C:\Users\guiforodrigue\Desktop\MY3A27\PIDEV\GEntrepot-Mobile\GentrepotMobile\lib\CLDC11.jar;C:\Users\guiforodrigue\Desktop\MY3A27\PIDEV\GEntrepot-Mobile\GentrepotMobile\lib\CodenameOne.jar;C:\Users\guiforodrigue\Desktop\MY3A27\PIDEV\GEntrepot-Mobile\GentrepotMobile\lib\CodenameOne_SRC.zip;C:\Users\guiforodrigue\Desktop\MY3A27\PIDEV\GEntrepot-Mobile\GentrepotMobile\lib\impl\cls;C:\Users\guiforodrigue\Desktop\MY3A27\PIDEV\GEntrepot-Mobile\GentrepotMobile\lib\impl\stubs;C:\Users\guiforodrigue\Downloads\json-20190722.jar;C:\Users\guiforodrigue\Downloads\jason-simple\json-simple-2.1.2.jar;C:\Users\guiforodrigue\Desktop\MY3A27\PIDEV\GEntrepot-Mobile\GentrepotMobile\build\classes;C:\Users\guiforodrigue\Desktop\MY3A27\PIDEV\GEntrepot-Mobile\GentrepotMobile\native\internal_tmp
Launcher Type: SUN_STANDARD

Environment Variables:
PATH=C:\ProgramData\Oracle\Java\javapath;C:\Program Files (x86)\Common Files\Oracle\Java\javapath;C:\app\guiforodrigue\product\18.0.0\dbhomeXE\bin;C:\wamp64\bin\php\php7.2.18;C:\Program Files\Git\cmd;C:\ProgramData\ComposerSetup\bin;C:\Users\guiforodrigue\AppData\Local\Programs\Python\Python38-32\Scripts\;C:\Users\guiforodrigue\AppData\Local\Programs\Python\Python38-32\;C:\wamp64\bin\php\php7.2.18;C:\Program Files\JetBrains\PhpStorm 2019.2.3\bin;;C:\Users\guiforodrigue\AppData\Roaming\Composer\vendor\bin
USERNAME=guiforodrigue
OS=Windows_NT
PROCESSOR_IDENTIFIER=Intel64 Family 6 Model 69 Stepping 1, GenuineIntel



---------------  S Y S T E M  ---------------

OS: Windows 8 , 64 bit Build 9200 

CPU:total 4 (2 cores per cpu, 2 threads per core) family 6 model 69 stepping 1, cmov, cx8, fxsr, mmx, sse, sse2, sse3, ssse3, sse4.1, sse4.2, popcnt, avx, avx2, aes, clmul, erms, lzcnt, ht, tsc, tscinvbit, bmi1, bmi2

Memory: 4k page, physical 4124500k(543456k free), swap 16707412k(4724k free)

vm_info: Java HotSpot(TM) 64-Bit Server VM (25.31-b07) for windows-amd64 JRE (1.8.0_31-b13), built on Dec 17 2014 21:00:28 by "java_re" with MS VC++ 10.0 (VS2010)

time: Sat May 16 13:04:20 2020
elapsed time: 12 seconds (0d 0h 0m 12s)

