#
# There is insufficient memory for the Java Runtime Environment to continue.
# Native memory allocation (malloc) failed to allocate 32744 bytes for ChunkPool::allocate
# Possible reasons:
#   The system is out of physical RAM or swap space
#   In 32 bit mode, the process size limit was hit
# Possible solutions:
#   Reduce memory load on the system
#   Increase physical memory or swap space
#   Check if swap backing store is full
#   Use 64 bit Java on a 64 bit OS
#   Decrease Java heap size (-Xmx/-Xms)
#   Decrease number of Java threads
#   Decrease Java thread stack sizes (-Xss)
#   Set larger code cache with -XX:ReservedCodeCacheSize=
# This output file may be truncated or incomplete.
#
#  Out of Memory Error (allocation.cpp:273), pid=12948, tid=15652
#
# JRE version: Java(TM) SE Runtime Environment (8.0_31-b13) (build 1.8.0_31-b13)
# Java VM: Java HotSpot(TM) 64-Bit Server VM (25.31-b07 mixed mode windows-amd64 compressed oops)
# Failed to write core dump. Minidumps are not enabled by default on client versions of Windows
#

---------------  T H R E A D  ---------------

Current thread (0x00000000152fe000):  JavaThread "C2 CompilerThread0" daemon [_thread_in_native, id=15652, stack(0x0000000016860000,0x0000000016960000)]

Stack: [0x0000000016860000,0x0000000016960000]
Native frames: (J=compiled Java code, j=interpreted, Vv=VM code, C=native code)
V  [jvm.dll+0x3169ba]


Current CompileTask:
C2:  11309  715  s    4       java.io.ByteArrayInputStream::read (36 bytes)


---------------  P R O C E S S  ---------------

Java Threads: ( => current thread )
  0x0000000016f48800 JavaThread "EDT" [_thread_in_native, id=15640, stack(0x000000001a100000,0x000000001a200000)]
  0x0000000016e28800 JavaThread "Image Fetcher 0" daemon [_thread_blocked, id=11120, stack(0x0000000019af0000,0x0000000019bf0000)]
  0x0000000002810800 JavaThread "DestroyJavaVM" [_thread_blocked, id=4664, stack(0x00000000026e0000,0x00000000027e0000)]
  0x0000000016ed2000 JavaThread "Thread-4" [_thread_blocked, id=14820, stack(0x0000000018360000,0x0000000018460000)]
  0x0000000016ed1800 JavaThread "AWT-EventQueue-0" [_thread_in_native, id=8352, stack(0x0000000018260000,0x0000000018360000)]
  0x0000000016ece000 JavaThread "AWT-Windows" daemon [_thread_in_native, id=13304, stack(0x0000000017f00000,0x0000000018000000)]
  0x0000000016ecb000 JavaThread "AWT-Shutdown" [_thread_blocked, id=13396, stack(0x0000000017e00000,0x0000000017f00000)]
  0x0000000016eca800 JavaThread "Java2D Disposer" daemon [_thread_blocked, id=14704, stack(0x0000000017160000,0x0000000017260000)]
  0x000000001535d800 JavaThread "Service Thread" daemon [_thread_blocked, id=8000, stack(0x0000000016f60000,0x0000000017060000)]
  0x0000000015303800 JavaThread "C1 CompilerThread2" daemon [_thread_blocked, id=15280, stack(0x0000000016a60000,0x0000000016b60000)]
  0x0000000015300000 JavaThread "C2 CompilerThread1" daemon [_thread_in_native, id=6932, stack(0x0000000016960000,0x0000000016a60000)]
=>0x00000000152fe000 JavaThread "C2 CompilerThread0" daemon [_thread_in_native, id=15652, stack(0x0000000016860000,0x0000000016960000)]
  0x00000000152fc800 JavaThread "Attach Listener" daemon [_thread_blocked, id=14316, stack(0x0000000016760000,0x0000000016860000)]
  0x00000000152fb000 JavaThread "Signal Dispatcher" daemon [_thread_blocked, id=16140, stack(0x0000000016660000,0x0000000016760000)]
  0x0000000002905000 JavaThread "Finalizer" daemon [_thread_blocked, id=12084, stack(0x0000000016560000,0x0000000016660000)]
  0x00000000028fc000 JavaThread "Reference Handler" daemon [_thread_blocked, id=8028, stack(0x0000000016460000,0x0000000016560000)]

Other Threads:
  0x00000000152c6800 VMThread [stack: 0x0000000016360000,0x0000000016460000] [id=4604]
  0x0000000016b98000 WatcherThread [stack: 0x0000000017060000,0x0000000017160000] [id=4924]

VM state:not at safepoint (normal execution)

VM Mutex/Monitor currently owned by a thread: None

Heap:
 PSYoungGen      total 52736K, used 29953K [0x00000000eb000000, 0x00000000eeb00000, 0x0000000100000000)
  eden space 52224K, 57% used [0x00000000eb000000,0x00000000ecd40788,0x00000000ee300000)
  from space 512K, 0% used [0x00000000eea80000,0x00000000eea80000,0x00000000eeb00000)
  to   space 3072K, 0% used [0x00000000ee500000,0x00000000ee500000,0x00000000ee800000)
 ParOldGen       total 86528K, used 54265K [0x00000000c1000000, 0x00000000c6480000, 0x00000000eb000000)
  object space 86528K, 62% used [0x00000000c1000000,0x00000000c44fe5b8,0x00000000c6480000)
 Metaspace       used 13985K, capacity 14304K, committed 14592K, reserved 1062912K
  class space    used 1672K, capacity 1742K, committed 1792K, reserved 1048576K

Card table byte_map: [0x0000000012090000,0x0000000012290000] byte_map_base: 0x0000000011a88000

Marking Bits: (ParMarkBitMap*) 0x0000000067abd4f0
 Begin Bits: [0x00000000127e0000, 0x00000000137a0000)
 End Bits:   [0x00000000137a0000, 0x0000000014760000)

Polling page: 0x00000000027e0000

CodeCache: size=245760Kb used=2874Kb max_used=2874Kb free=242885Kb
 bounds [0x0000000002cd0000, 0x0000000002fb0000, 0x0000000011cd0000]
 total_blobs=1252 nmethods=728 adapters=438
 compilation: enabled

Compilation events (10 events):
Event: 11.157 Thread 0x0000000015303800  710       3       java.nio.Buffer::hasRemaining (17 bytes)
Event: 11.158 Thread 0x0000000015303800 nmethod 710 0x0000000002f99410 code [0x0000000002f99560, 0x0000000002f99710]
Event: 11.158 Thread 0x0000000015303800  711   !   3       sun.nio.ch.NativeThreadSet::add (155 bytes)
Event: 11.159 Thread 0x00000000152fe000  715  s    4       java.io.ByteArrayInputStream::read (36 bytes)
Event: 11.159 Thread 0x0000000015303800 nmethod 711 0x0000000002f99790 code [0x0000000002f99920, 0x0000000002f99fc8]
Event: 11.159 Thread 0x0000000015303800  712       3       sun.nio.ch.NativeThread::current (2 bytes)
Event: 11.159 Thread 0x0000000015303800 nmethod 712 0x0000000002f9a310 code [0x0000000002f9a460, 0x0000000002f9a590]
Event: 11.159 Thread 0x0000000015303800  713   !   3       sun.nio.ch.NativeThreadSet::remove (50 bytes)
Event: 11.159 Thread 0x0000000015303800 nmethod 713 0x0000000002f9a610 code [0x0000000002f9a780, 0x0000000002f9abc8]
Event: 11.159 Thread 0x0000000015303800  714       3       java.nio.channels.spi.AbstractInterruptibleChannel::end (50 bytes)

GC Heap History (10 events):
Event: 4.498 GC heap before
{Heap before GC invocations=5 (full 1):
 PSYoungGen      total 18944K, used 16384K [0x00000000eb000000, 0x00000000ed500000, 0x0000000100000000)
  eden space 16384K, 100% used [0x00000000eb000000,0x00000000ec000000,0x00000000ec000000)
  from space 2560K, 0% used [0x00000000ec000000,0x00000000ec000000,0x00000000ec280000)
  to   space 2560K, 0% used [0x00000000ed280000,0x00000000ed280000,0x00000000ed500000)
 ParOldGen       total 73216K, used 28051K [0x00000000c1000000, 0x00000000c5780000, 0x00000000eb000000)
  object space 73216K, 38% used [0x00000000c1000000,0x00000000c2b64ce0,0x00000000c5780000)
 Metaspace       used 10684K, capacity 10982K, committed 11136K, reserved 1058816K
  class space    used 1263K, capacity 1321K, committed 1408K, reserved 1048576K
Event: 4.500 GC heap after
Heap after GC invocations=5 (full 1):
 PSYoungGen      total 30720K, used 128K [0x00000000eb000000, 0x00000000ed300000, 0x0000000100000000)
  eden space 30208K, 0% used [0x00000000eb000000,0x00000000eb000000,0x00000000ecd80000)
  from space 512K, 25% used [0x00000000ed280000,0x00000000ed2a0000,0x00000000ed300000)
  to   space 2560K, 0% used [0x00000000ece00000,0x00000000ece00000,0x00000000ed080000)
 ParOldGen       total 73216K, used 28059K [0x00000000c1000000, 0x00000000c5780000, 0x00000000eb000000)
  object space 73216K, 38% used [0x00000000c1000000,0x00000000c2b66ce0,0x00000000c5780000)
 Metaspace       used 10684K, capacity 10982K, committed 11136K, reserved 1058816K
  class space    used 1263K, capacity 1321K, committed 1408K, reserved 1048576K
}
Event: 4.695 GC heap before
{Heap before GC invocations=6 (full 1):
 PSYoungGen      total 30720K, used 30336K [0x00000000eb000000, 0x00000000ed300000, 0x0000000100000000)
  eden space 30208K, 100% used [0x00000000eb000000,0x00000000ecd80000,0x00000000ecd80000)
  from space 512K, 25% used [0x00000000ed280000,0x00000000ed2a0000,0x00000000ed300000)
  to   space 2560K, 0% used [0x00000000ece00000,0x00000000ece00000,0x00000000ed080000)
 ParOldGen       total 73216K, used 28059K [0x00000000c1000000, 0x00000000c5780000, 0x00000000eb000000)
  object space 73216K, 38% used [0x00000000c1000000,0x00000000c2b66ce0,0x00000000c5780000)
 Metaspace       used 10685K, capacity 10982K, committed 11136K, reserved 1058816K
  class space    used 1263K, capacity 1321K, committed 1408K, reserved 1048576K
Event: 4.710 GC heap after
Heap after GC invocations=6 (full 1):
 PSYoungGen      total 33280K, used 160K [0x00000000eb000000, 0x00000000eed80000, 0x0000000100000000)
  eden space 30720K, 0% used [0x00000000eb000000,0x00000000eb000000,0x00000000ece00000)
  from space 2560K, 6% used [0x00000000ece00000,0x00000000ece28000,0x00000000ed080000)
  to   space 3072K, 0% used [0x00000000eea80000,0x00000000eea80000,0x00000000eed80000)
 ParOldGen       total 73216K, used 67372K [0x00000000c1000000, 0x00000000c5780000, 0x00000000eb000000)
  object space 73216K, 92% used [0x00000000c1000000,0x00000000c51cb228,0x00000000c5780000)
 Metaspace       used 10685K, capacity 10982K, committed 11136K, reserved 1058816K
  class space    used 1263K, capacity 1321K, committed 1408K, reserved 1048576K
}
Event: 4.710 GC heap before
{Heap before GC invocations=7 (full 2):
 PSYoungGen      total 33280K, used 160K [0x00000000eb000000, 0x00000000eed80000, 0x0000000100000000)
  eden space 30720K, 0% used [0x00000000eb000000,0x00000000eb000000,0x00000000ece00000)
  from space 2560K, 6% used [0x00000000ece00000,0x00000000ece28000,0x00000000ed080000)
  to   space 3072K, 0% used [0x00000000eea80000,0x00000000eea80000,0x00000000eed80000)
 ParOldGen       total 73216K, used 67372K [0x00000000c1000000, 0x00000000c5780000, 0x00000000eb000000)
  object space 73216K, 92% used [0x00000000c1000000,0x00000000c51cb228,0x00000000c5780000)
 Metaspace       used 10685K, capacity 10982K, committed 11136K, reserved 1058816K
  class space    used 1263K, capacity 1321K, committed 1408K, reserved 1048576K
Event: 4.722 GC heap after
Heap after GC invocations=7 (full 2):
 PSYoungGen      total 33280K, used 0K [0x00000000eb000000, 0x00000000eed80000, 0x0000000100000000)
  eden space 30720K, 0% used [0x00000000eb000000,0x00000000eb000000,0x00000000ece00000)
  from space 2560K, 0% used [0x00000000ece00000,0x00000000ece00000,0x00000000ed080000)
  to   space 3072K, 0% used [0x00000000eea80000,0x00000000eea80000,0x00000000eed80000)
 ParOldGen       total 73216K, used 41220K [0x00000000c1000000, 0x00000000c5780000, 0x00000000eb000000)
  object space 73216K, 56% used [0x00000000c1000000,0x00000000c3841108,0x00000000c5780000)
 Metaspace       used 10685K, capacity 10982K, committed 11136K, reserved 1058816K
  class space    used 1263K, capacity 1321K, committed 1408K, reserved 1048576K
}
Event: 4.939 GC heap before
{Heap before GC invocations=8 (full 2):
 PSYoungGen      total 33280K, used 30718K [0x00000000eb000000, 0x00000000eed80000, 0x0000000100000000)
  eden space 30720K, 99% used [0x00000000eb000000,0x00000000ecdff830,0x00000000ece00000)
  from space 2560K, 0% used [0x00000000ece00000,0x00000000ece00000,0x00000000ed080000)
  to   space 3072K, 0% used [0x00000000eea80000,0x00000000eea80000,0x00000000eed80000)
 ParOldGen       total 73216K, used 41220K [0x00000000c1000000, 0x00000000c5780000, 0x00000000eb000000)
  object space 73216K, 56% used [0x00000000c1000000,0x00000000c3841108,0x00000000c5780000)
 Metaspace       used 10685K, capacity 10982K, committed 11136K, reserved 1058816K
  class space    used 1263K, capacity 1321K, committed 1408K, reserved 1048576K
Event: 4.950 GC heap after
Heap after GC invocations=8 (full 2):
 PSYoungGen      total 52736K, used 160K [0x00000000eb000000, 0x00000000eeb00000, 0x0000000100000000)
  eden space 52224K, 0% used [0x00000000eb000000,0x00000000eb000000,0x00000000ee300000)
  from space 512K, 31% used [0x00000000eea80000,0x00000000eeaa8000,0x00000000eeb00000)
  to   space 3072K, 0% used [0x00000000ee500000,0x00000000ee500000,0x00000000ee800000)
 ParOldGen       total 86528K, used 80525K [0x00000000c1000000, 0x00000000c6480000, 0x00000000eb000000)
  object space 86528K, 93% used [0x00000000c1000000,0x00000000c5ea3650,0x00000000c6480000)
 Metaspace       used 10685K, capacity 10982K, committed 11136K, reserved 1058816K
  class space    used 1263K, capacity 1321K, committed 1408K, reserved 1048576K
}
Event: 4.950 GC heap before
{Heap before GC invocations=9 (full 3):
 PSYoungGen      total 52736K, used 160K [0x00000000eb000000, 0x00000000eeb00000, 0x0000000100000000)
  eden space 52224K, 0% used [0x00000000eb000000,0x00000000eb000000,0x00000000ee300000)
  from space 512K, 31% used [0x00000000eea80000,0x00000000eeaa8000,0x00000000eeb00000)
  to   space 3072K, 0% used [0x00000000ee500000,0x00000000ee500000,0x00000000ee800000)
 ParOldGen       total 86528K, used 80525K [0x00000000c1000000, 0x00000000c6480000, 0x00000000eb000000)
  object space 86528K, 93% used [0x00000000c1000000,0x00000000c5ea3650,0x00000000c6480000)
 Metaspace       used 10685K, capacity 10982K, committed 11136K, reserved 1058816K
  class space    used 1263K, capacity 1321K, committed 1408K, reserved 1048576K
Event: 5.001 GC heap after
Heap after GC invocations=9 (full 3):
 PSYoungGen      total 52736K, used 0K [0x00000000eb000000, 0x00000000eeb00000, 0x0000000100000000)
  eden space 52224K, 0% used [0x00000000eb000000,0x00000000eb000000,0x00000000ee300000)
  from space 512K, 0% used [0x00000000eea80000,0x00000000eea80000,0x00000000eeb00000)
  to   space 3072K, 0% used [0x00000000ee500000,0x00000000ee500000,0x00000000ee800000)
 ParOldGen       total 86528K, used 54265K [0x00000000c1000000, 0x00000000c6480000, 0x00000000eb000000)
  object space 86528K, 62% used [0x00000000c1000000,0x00000000c44fe5b8,0x00000000c6480000)
 Metaspace       used 10685K, capacity 10982K, committed 11136K, reserved 1058816K
  class space    used 1263K, capacity 1321K, committed 1408K, reserved 1048576K
}

Deoptimization events (4 events):
Event: 1.315 Thread 0x0000000016ed1800 Uncommon trap: reason=unloaded action=reinterpret pc=0x0000000002e1dc84 method=com.codename1.impl.javase.ClassPathLoader.findClass(Ljava/lang/String;)Ljava/lang/Class; @ 107
Event: 1.332 Thread 0x0000000016ed1800 Uncommon trap: reason=class_check action=maybe_recompile pc=0x0000000002e164a8 method=com.codename1.impl.javase.ClassPathLoader.findClass(Ljava/lang/String;)Ljava/lang/Class; @ 229
Event: 1.334 Thread 0x0000000016ed1800 Uncommon trap: reason=class_check action=maybe_recompile pc=0x0000000002e164a8 method=com.codename1.impl.javase.ClassPathLoader.findClass(Ljava/lang/String;)Ljava/lang/Class; @ 229
Event: 1.336 Thread 0x0000000016ed1800 Uncommon trap: reason=class_check action=maybe_recompile pc=0x0000000002e164a8 method=com.codename1.impl.javase.ClassPathLoader.findClass(Ljava/lang/String;)Ljava/lang/Class; @ 229

Internal exceptions (10 events):
Event: 0.543 Thread 0x0000000002810800 Exception <a 'java/security/PrivilegedActionException'> (0x00000000eb1667c8) thrown at [C:\workspace\8-2-build-windows-amd64-cygwin\jdk8u31\2394\hotspot\src\share\vm\prims\jvm.cpp, line 1312]
Event: 0.544 Thread 0x0000000002810800 Exception <a 'java/security/PrivilegedActionException'> (0x00000000eb16a560) thrown at [C:\workspace\8-2-build-windows-amd64-cygwin\jdk8u31\2394\hotspot\src\share\vm\prims\jvm.cpp, line 1312]
Event: 0.544 Thread 0x0000000002810800 Exception <a 'java/security/PrivilegedActionException'> (0x00000000eb16a718) thrown at [C:\workspace\8-2-build-windows-amd64-cygwin\jdk8u31\2394\hotspot\src\share\vm\prims\jvm.cpp, line 1312]
Event: 1.088 Thread 0x0000000002810800 Exception <a 'java/io/FileNotFoundException'> (0x00000000eb5abc80) thrown at [C:\workspace\8-2-build-windows-amd64-cygwin\jdk8u31\2394\hotspot\src\share\vm\prims\jni.cpp, line 716]
Event: 1.140 Thread 0x0000000002810800 Exception <a 'java/lang/ClassNotFoundException': java/lang/Null> (0x00000000eb5d6a38) thrown at [C:\workspace\8-2-build-windows-amd64-cygwin\jdk8u31\2394\hotspot\src\share\vm\classfile\systemDictionary.cpp, line 202]
Event: 1.161 Thread 0x0000000002810800 Exception <a 'java/lang/NoSuchFieldError': method resolution failed> (0x00000000eb68c1d0) thrown at [C:\workspace\8-2-build-windows-amd64-cygwin\jdk8u31\2394\hotspot\src\share\vm\prims\methodHandles.cpp, line 1159]
Event: 1.163 Thread 0x0000000002810800 Exception <a 'java/lang/NoSuchFieldError': method resolution failed> (0x00000000eb69b0b8) thrown at [C:\workspace\8-2-build-windows-amd64-cygwin\jdk8u31\2394\hotspot\src\share\vm\prims\methodHandles.cpp, line 1159]
Event: 1.165 Thread 0x0000000002810800 Exception <a 'java/lang/NoSuchFieldError': method resolution failed> (0x00000000eb69e538) thrown at [C:\workspace\8-2-build-windows-amd64-cygwin\jdk8u31\2394\hotspot\src\share\vm\prims\methodHandles.cpp, line 1159]
Event: 1.312 Thread 0x0000000002810800 Exception <a 'java/security/PrivilegedActionException'> (0x00000000eb6e0f00) thrown at [C:\workspace\8-2-build-windows-amd64-cygwin\jdk8u31\2394\hotspot\src\share\vm\prims\jvm.cpp, line 1312]
Event: 3.278 Thread 0x0000000016ed1800 Exception <a 'java/io/FileNotFoundException'> (0x00000000ebda6dc0) thrown at [C:\workspace\8-2-build-windows-amd64-cygwin\jdk8u31\2394\hotspot\src\share\vm\prims\jni.cpp, line 716]

Events (10 events):
Event: 8.304 loading class sun/font/FileFont$CreatedFontFileDisposerRecord
Event: 8.304 loading class sun/font/FileFont$CreatedFontFileDisposerRecord done
Event: 8.304 loading class sun/font/SunFontManager$8
Event: 8.304 loading class sun/font/SunFontManager$8 done
Event: 8.308 Executing VM operation: RevokeBias
Event: 8.309 Executing VM operation: RevokeBias done
Event: 8.313 Executing VM operation: RevokeBias
Event: 8.313 Executing VM operation: RevokeBias done
Event: 8.314 loading class sun/font/CMap$CMapFormat12
Event: 8.314 loading class sun/font/CMap$CMapFormat12 done


Dynamic libraries:
0x000007f7f32f0000 - 0x000007f7f3324000 	C:\Program Files\Java\jdk1.8.0_31\jre\bin\java.exe
0x000007feec240000 - 0x000007feec3fd000 	C:\Windows\SYSTEM32\ntdll.dll
0x000007feeb9d0000 - 0x000007feebb07000 	C:\Windows\system32\KERNEL32.DLL
0x000007fee9300000 - 0x000007fee93f4000 	C:\Windows\system32\KERNELBASE.dll
0x000007feebc60000 - 0x000007feebd3e000 	C:\Windows\system32\ADVAPI32.dll
0x000007feebf60000 - 0x000007feec0ac000 	C:\Windows\system32\USER32.dll
0x000007fee5380000 - 0x000007fee55ea000 	C:\Windows\WinSxS\amd64_microsoft.windows.common-controls_6595b64144ccf1df_6.0.9200.17359_none_4188b989718cf1c6\COMCTL32.dll
0x000007fee9d60000 - 0x000007fee9e05000 	C:\Windows\system32\msvcrt.dll
0x000007fee9b50000 - 0x000007fee9b98000 	C:\Windows\SYSTEM32\sechost.dll
0x000007fee9810000 - 0x000007fee9955000 	C:\Windows\system32\RPCRT4.dll
0x000007feebb10000 - 0x000007feebc51000 	C:\Windows\system32\GDI32.dll
0x000007feea650000 - 0x000007feea689000 	C:\Windows\system32\IMM32.DLL
0x000007feec0b0000 - 0x000007feec1c6000 	C:\Windows\system32\MSCTF.dll
0x0000000067200000 - 0x00000000672d2000 	C:\Program Files\Java\jdk1.8.0_31\jre\bin\msvcr100.dll
0x00000000672e0000 - 0x0000000067b3a000 	C:\Program Files\Java\jdk1.8.0_31\jre\bin\server\jvm.dll
0x000007fee7a10000 - 0x000007fee7a19000 	C:\Windows\SYSTEM32\WSOCK32.dll
0x000007fee3290000 - 0x000007fee32b0000 	C:\Windows\SYSTEM32\WINMM.dll
0x000007feea210000 - 0x000007feea217000 	C:\Windows\system32\PSAPI.DLL
0x000007feec1d0000 - 0x000007feec228000 	C:\Windows\system32\WS2_32.dll
0x000007fee3250000 - 0x000007fee3283000 	C:\Windows\SYSTEM32\WINMMBASE.dll
0x000007feec230000 - 0x000007feec239000 	C:\Windows\system32\NSI.dll
0x000007fee92b0000 - 0x000007fee92ff000 	C:\Windows\SYSTEM32\cfgmgr32.dll
0x000007fee9280000 - 0x000007fee92a2000 	C:\Windows\system32\DEVOBJ.dll
0x00000000671b0000 - 0x00000000671bf000 	C:\Program Files\Java\jdk1.8.0_31\jre\bin\verify.dll
0x0000000067180000 - 0x00000000671a8000 	C:\Program Files\Java\jdk1.8.0_31\jre\bin\java.dll
0x0000000067160000 - 0x0000000067176000 	C:\Program Files\Java\jdk1.8.0_31\jre\bin\zip.dll
0x000007feea6e0000 - 0x000007feeb9c5000 	C:\Windows\system32\SHELL32.dll
0x000007fee9ba0000 - 0x000007fee9d50000 	C:\Windows\SYSTEM32\combase.dll
0x000007feea690000 - 0x000007feea6e0000 	C:\Windows\system32\SHLWAPI.dll
0x000007fee6960000 - 0x000007fee69f6000 	C:\Windows\SYSTEM32\SHCORE.dll
0x000007fee9150000 - 0x000007fee9165000 	C:\Windows\SYSTEM32\profapi.dll
0x0000000067140000 - 0x000000006715a000 	C:\Program Files\Java\jdk1.8.0_31\jre\bin\net.dll
0x000007fee89a0000 - 0x000007fee89fc000 	C:\Windows\system32\mswsock.dll
0x0000000066f80000 - 0x0000000067118000 	C:\Program Files\Java\jdk1.8.0_31\jre\bin\awt.dll
0x000007fee9690000 - 0x000007fee9753000 	C:\Windows\system32\OLEAUT32.dll
0x000007fee44f0000 - 0x000007fee458e000 	C:\Windows\system32\apphelp.dll
0x000007fee7fd0000 - 0x000007fee80b3000 	C:\Windows\system32\uxtheme.dll
0x000007fee6770000 - 0x000007fee6791000 	C:\Windows\SYSTEM32\dwmapi.dll
0x000007fee99d0000 - 0x000007fee9b4e000 	C:\Windows\system32\ole32.dll
0x000007fee8f90000 - 0x000007fee8f9a000 	C:\Windows\SYSTEM32\CRYPTBASE.dll
0x000007fee8f30000 - 0x000007fee8f8d000 	C:\Windows\SYSTEM32\bcryptPrimitives.dll
0x000007fed7c80000 - 0x000007fed7e80000 	C:\Windows\system32\d3d9.dll
0x000007fee4050000 - 0x000007fee4059000 	C:\Windows\SYSTEM32\VERSION.dll
0x000007feca7c0000 - 0x000007fecbf79000 	C:\Windows\SYSTEM32\igdumdim64.dll
0x000007fedbb20000 - 0x000007fedc505000 	C:\Windows\SYSTEM32\igdusc64.dll
0x000007fee8a00000 - 0x000007fee8a1a000 	C:\Windows\SYSTEM32\CRYPTSP.dll
0x000007fee8680000 - 0x000007fee86cb000 	C:\Windows\system32\rsaenh.dll
0x000007fee8780000 - 0x000007fee879f000 	C:\Windows\SYSTEM32\USERENV.dll
0x000007fee3f90000 - 0x000007fee3fba000 	C:\Windows\SYSTEM32\IPHLPAPI.DLL
0x000007fee3f70000 - 0x000007fee3f7a000 	C:\Windows\SYSTEM32\WINNSI.DLL
0x000007fee3a50000 - 0x000007fee3a63000 	C:\Windows\SYSTEM32\dhcpcsvc6.DLL
0x000007fee3a30000 - 0x000007fee3a48000 	C:\Windows\SYSTEM32\dhcpcsvc.DLL
0x0000000067120000 - 0x0000000067131000 	C:\Program Files\Java\jdk1.8.0_31\jre\bin\nio.dll
0x0000000066f30000 - 0x0000000066f77000 	C:\Program Files\Java\jdk1.8.0_31\jre\bin\fontmanager.dll
0x0000000066ee0000 - 0x0000000066f21000 	C:\Program Files\Java\jdk1.8.0_31\jre\bin\t2k.dll
0x000007fee2a70000 - 0x000007fee2bd3000 	C:\Windows\SYSTEM32\dbghelp.dll

VM Arguments:
jvm_args: -Dfile.encoding=UTF-8 
java_command: com.codename1.impl.javase.Simulator com.gentrepot.into.MyApplication
java_class_path (initial): C:\Users\guiforodrigue\Desktop\MY3A27\PIDEV\GEntrepot-Mobile\GentrepotMobile\JavaSE.jar;C:\Users\guiforodrigue\Desktop\MY3A27\PIDEV\GEntrepot-Mobile\GentrepotMobile\lib\CLDC11.jar;C:\Users\guiforodrigue\Desktop\MY3A27\PIDEV\GEntrepot-Mobile\GentrepotMobile\lib\CodenameOne.jar;C:\Users\guiforodrigue\Desktop\MY3A27\PIDEV\GEntrepot-Mobile\GentrepotMobile\lib\CodenameOne_SRC.zip;C:\Users\guiforodrigue\Desktop\MY3A27\PIDEV\GEntrepot-Mobile\GentrepotMobile\lib\impl\cls;C:\Users\guiforodrigue\Desktop\MY3A27\PIDEV\GEntrepot-Mobile\GentrepotMobile\lib\impl\stubs;C:\Users\guiforodrigue\Downloads\json-20190722.jar;C:\Users\guiforodrigue\Desktop\MY3A27\PIDEV\GEntrepot-Mobile\GentrepotMobile\build\classes;C:\Users\guiforodrigue\Desktop\MY3A27\PIDEV\GEntrepot-Mobile\GentrepotMobile\native\internal_tmp
Launcher Type: SUN_STANDARD

Environment Variables:
PATH=C:\ProgramData\Oracle\Java\javapath;C:\Program Files (x86)\Common Files\Oracle\Java\javapath;C:\app\guiforodrigue\product\18.0.0\dbhomeXE\bin;C:\wamp64\bin\php\php7.2.18;C:\Program Files\Git\cmd;C:\ProgramData\ComposerSetup\bin;C:\Users\guiforodrigue\AppData\Local\Programs\Python\Python38-32\Scripts\;C:\Users\guiforodrigue\AppData\Local\Programs\Python\Python38-32\;C:\wamp64\bin\php\php7.2.18;C:\Program Files\JetBrains\PhpStorm 2019.2.3\bin;;C:\Users\guiforodrigue\AppData\Roaming\Composer\vendor\bin
USERNAME=guiforodrigue
OS=Windows_NT
PROCESSOR_IDENTIFIER=Intel64 Family 6 Model 69 Stepping 1, GenuineIntel



---------------  S Y S T E M  ---------------

OS: Windows 8 , 64 bit Build 9200 

CPU:total 4 (2 cores per cpu, 2 threads per core) family 6 model 69 stepping 1, cmov, cx8, fxsr, mmx, sse, sse2, sse3, ssse3, sse4.1, sse4.2, popcnt, avx, avx2, aes, clmul, erms, lzcnt, ht, tsc, tscinvbit, bmi1, bmi2

Memory: 4k page, physical 4124500k(215000k free), swap 16707412k(2364k free)

vm_info: Java HotSpot(TM) 64-Bit Server VM (25.31-b07) for windows-amd64 JRE (1.8.0_31-b13), built on Dec 17 2014 21:00:28 by "java_re" with MS VC++ 10.0 (VS2010)

time: Sat May 16 12:11:44 2020
elapsed time: 11 seconds (0d 0h 0m 11s)

