#
# There is insufficient memory for the Java Runtime Environment to continue.
# Native memory allocation (malloc) failed to allocate 75376 bytes for Chunk::new
# Possible reasons:
#   The system is out of physical RAM or swap space
#   In 32 bit mode, the process size limit was hit
# Possible solutions:
#   Reduce memory load on the system
#   Increase physical memory or swap space
#   Check if swap backing store is full
#   Use 64 bit Java on a 64 bit OS
#   Decrease Java heap size (-Xmx/-Xms)
#   Decrease number of Java threads
#   Decrease Java thread stack sizes (-Xss)
#   Set larger code cache with -XX:ReservedCodeCacheSize=
# This output file may be truncated or incomplete.
#
#  Out of Memory Error (allocation.cpp:390), pid=13284, tid=4932
#
# JRE version: Java(TM) SE Runtime Environment (8.0_31-b13) (build 1.8.0_31-b13)
# Java VM: Java HotSpot(TM) 64-Bit Server VM (25.31-b07 mixed mode windows-amd64 compressed oops)
# Failed to write core dump. Minidumps are not enabled by default on client versions of Windows
#

---------------  T H R E A D  ---------------

Current thread (0x0000000015170000):  JavaThread "C2 CompilerThread1" daemon [_thread_in_native, id=4932, stack(0x00000000167e0000,0x00000000168e0000)]

Stack: [0x00000000167e0000,0x00000000168e0000]
Native frames: (J=compiled Java code, j=interpreted, Vv=VM code, C=native code)
V  [jvm.dll+0x3169ba]
V  [jvm.dll+0x2674c3]
V  [jvm.dll+0x268103]
V  [jvm.dll+0x25f8f5]
V  [jvm.dll+0xbf025]
V  [jvm.dll+0xbf4cc]
V  [jvm.dll+0x4798bc]
V  [jvm.dll+0x446c9b]
V  [jvm.dll+0x451bce]
V  [jvm.dll+0x4541b8]
V  [jvm.dll+0x437c62]
V  [jvm.dll+0x988e2]
V  [jvm.dll+0x990d3]
V  [jvm.dll+0x22c194]
V  [jvm.dll+0x28576a]
C  [msvcr100.dll+0x21d9f]
C  [msvcr100.dll+0x21e3b]
C  [KERNEL32.DLL+0x1842]
C  [ntdll.dll+0x3df11]


Current CompileTask:
C2:  10394  879       4       java.util.HashMap::putVal (300 bytes)


---------------  P R O C E S S  ---------------

Java Threads: ( => current thread )
  0x0000000017170000 JavaThread "D3D Screen Updater" daemon [_thread_blocked, id=6272, stack(0x000000001a960000,0x000000001aa60000)]
  0x000000001716f000 JavaThread "EDT" [_thread_in_native, id=5796, stack(0x00000000198b0000,0x00000000199b0000)]
  0x000000001716e800 JavaThread "Thread-343" daemon [_thread_in_native, id=4316, stack(0x00000000177e0000,0x00000000178e0000)]
  0x000000001716d000 JavaThread "Thread-342" daemon [_thread_in_native, id=6084, stack(0x000000001a660000,0x000000001a760000)]
  0x000000001716b800 JavaThread "Image Fetcher 0" daemon [_thread_blocked, id=14000, stack(0x0000000019c40000,0x0000000019d40000)]
  0x0000000002a42800 JavaThread "DestroyJavaVM" [_thread_blocked, id=5112, stack(0x0000000002610000,0x0000000002710000)]
  0x0000000016d4f800 JavaThread "Thread-7" [_thread_blocked, id=15584, stack(0x00000000183b0000,0x00000000184b0000)]
  0x0000000016d49000 JavaThread "AWT-EventQueue-0" [_thread_blocked, id=9308, stack(0x0000000017a30000,0x0000000017b30000)]
  0x0000000016c08000 JavaThread "AWT-Windows" daemon [_thread_in_native, id=10108, stack(0x0000000018000000,0x0000000018100000)]
  0x0000000016c07000 JavaThread "AWT-Shutdown" [_thread_blocked, id=7656, stack(0x0000000017f00000,0x0000000018000000)]
  0x0000000016c85000 JavaThread "Java2D Disposer" daemon [_thread_blocked, id=5892, stack(0x00000000178e0000,0x00000000179e0000)]
  0x0000000016a09000 JavaThread "Service Thread" daemon [_thread_blocked, id=13972, stack(0x0000000016de0000,0x0000000016ee0000)]
  0x0000000015176800 JavaThread "C1 CompilerThread2" daemon [_thread_blocked, id=3204, stack(0x00000000168e0000,0x00000000169e0000)]
=>0x0000000015170000 JavaThread "C2 CompilerThread1" daemon [_thread_in_native, id=4932, stack(0x00000000167e0000,0x00000000168e0000)]
  0x000000001516d000 JavaThread "C2 CompilerThread0" daemon [_thread_blocked, id=15600, stack(0x00000000166e0000,0x00000000167e0000)]
  0x000000001516c000 JavaThread "Attach Listener" daemon [_thread_blocked, id=13996, stack(0x00000000165e0000,0x00000000166e0000)]
  0x000000001516a800 JavaThread "Signal Dispatcher" daemon [_thread_blocked, id=5916, stack(0x00000000164e0000,0x00000000165e0000)]
  0x0000000002b36800 JavaThread "Finalizer" daemon [_thread_blocked, id=11312, stack(0x00000000163d0000,0x00000000164d0000)]
  0x0000000002b2e000 JavaThread "Reference Handler" daemon [_thread_blocked, id=2672, stack(0x00000000162d0000,0x00000000163d0000)]

Other Threads:
  0x0000000015137000 VMThread [stack: 0x00000000161d0000,0x00000000162d0000] [id=9972]
  0x0000000016a0b000 WatcherThread [stack: 0x0000000016ee0000,0x0000000016fe0000] [id=4508]

VM state:not at safepoint (normal execution)

VM Mutex/Monitor currently owned by a thread: None

Heap:
 PSYoungGen      total 19456K, used 15730K [0x00000000eb000000, 0x00000000ec600000, 0x0000000100000000)
  eden space 16384K, 96% used [0x00000000eb000000,0x00000000ebf5c958,0x00000000ec000000)
  from space 3072K, 0% used [0x00000000ec000000,0x00000000ec000000,0x00000000ec300000)
  to   space 3072K, 0% used [0x00000000ec300000,0x00000000ec300000,0x00000000ec600000)
 ParOldGen       total 44032K, used 28364K [0x00000000c1000000, 0x00000000c3b00000, 0x00000000eb000000)
  object space 44032K, 64% used [0x00000000c1000000,0x00000000c2bb30e0,0x00000000c3b00000)
 Metaspace       used 14330K, capacity 14598K, committed 14848K, reserved 1064960K
  class space    used 1698K, capacity 1775K, committed 1792K, reserved 1048576K

Card table byte_map: [0x0000000011f00000,0x0000000012100000] byte_map_base: 0x00000000118f8000

Marking Bits: (ParMarkBitMap*) 0x0000000063fad4f0
 Begin Bits: [0x0000000012650000, 0x0000000013610000)
 End Bits:   [0x0000000013610000, 0x00000000145d0000)

Polling page: 0x0000000000ec0000

CodeCache: size=245760Kb used=3106Kb max_used=3113Kb free=242653Kb
 bounds [0x0000000002b40000, 0x0000000002e50000, 0x0000000011b40000]
 total_blobs=1366 nmethods=840 adapters=440
 compilation: enabled

Compilation events (10 events):
Event: 10.121 Thread 0x000000001516d000 nmethod 870 0x0000000002dba590 code [0x0000000002dba6e0, 0x0000000002dba958]
Event: 10.121 Thread 0x000000001516d000  872       4       java.io.DataInputStream::readUTF (501 bytes)
Event: 10.123 Thread 0x0000000015176800  876       3       sun.misc.FloatingDecimal$BinaryToASCIIBuffer::getChars (502 bytes)
Event: 10.125 Thread 0x0000000015176800 nmethod 876 0x0000000002e41a90 code [0x0000000002e41d00, 0x0000000002e42d58]
Event: 10.125 Thread 0x0000000015176800  877       3       sun.misc.FloatingDecimal$BinaryToASCIIBuffer::appendTo (72 bytes)
Event: 10.126 Thread 0x0000000015176800 nmethod 877 0x0000000002e40c50 code [0x0000000002e40e20, 0x0000000002e41848]
Event: 10.126 Thread 0x0000000015176800  878       3       java.lang.StringBuilder::append (10 bytes)
Event: 10.126 Thread 0x0000000015176800 nmethod 878 0x0000000002e38210 code [0x0000000002e38380, 0x0000000002e38508]
Event: 10.127 Thread 0x0000000015170000 nmethod 871 0x0000000002e40390 code [0x0000000002e40500, 0x0000000002e40928]
Event: 10.127 Thread 0x0000000015170000  879       4       java.util.HashMap::putVal (300 bytes)

GC Heap History (10 events):
Event: 7.501 GC heap before
{Heap before GC invocations=17 (full 9):
 PSYoungGen      total 19456K, used 16384K [0x00000000eb000000, 0x00000000ec600000, 0x0000000100000000)
  eden space 16384K, 100% used [0x00000000eb000000,0x00000000ec000000,0x00000000ec000000)
  from space 3072K, 0% used [0x00000000ec000000,0x00000000ec000000,0x00000000ec300000)
  to   space 3072K, 0% used [0x00000000ec300000,0x00000000ec300000,0x00000000ec600000)
 ParOldGen       total 44032K, used 41069K [0x00000000c1000000, 0x00000000c3b00000, 0x00000000eb000000)
  object space 44032K, 93% used [0x00000000c1000000,0x00000000c381b518,0x00000000c3b00000)
 Metaspace       used 11201K, capacity 11494K, committed 11648K, reserved 1058816K
  class space    used 1306K, capacity 1385K, committed 1408K, reserved 1048576K
Event: 7.518 GC heap after
Heap after GC invocations=17 (full 9):
 PSYoungGen      total 19456K, used 13350K [0x00000000eb000000, 0x00000000ec600000, 0x0000000100000000)
  eden space 16384K, 81% used [0x00000000eb000000,0x00000000ebd09b58,0x00000000ec000000)
  from space 3072K, 0% used [0x00000000ec000000,0x00000000ec000000,0x00000000ec300000)
  to   space 3072K, 0% used [0x00000000ec300000,0x00000000ec300000,0x00000000ec600000)
 ParOldGen       total 44032K, used 41069K [0x00000000c1000000, 0x00000000c3b00000, 0x00000000eb000000)
  object space 44032K, 93% used [0x00000000c1000000,0x00000000c381b518,0x00000000c3b00000)
 Metaspace       used 11201K, capacity 11494K, committed 11648K, reserved 1058816K
  class space    used 1306K, capacity 1385K, committed 1408K, reserved 1048576K
}
Event: 7.684 GC heap before
{Heap before GC invocations=18 (full 10):
 PSYoungGen      total 19456K, used 16384K [0x00000000eb000000, 0x00000000ec600000, 0x0000000100000000)
  eden space 16384K, 100% used [0x00000000eb000000,0x00000000ec000000,0x00000000ec000000)
  from space 3072K, 0% used [0x00000000ec000000,0x00000000ec000000,0x00000000ec300000)
  to   space 3072K, 0% used [0x00000000ec300000,0x00000000ec300000,0x00000000ec600000)
 ParOldGen       total 44032K, used 41069K [0x00000000c1000000, 0x00000000c3b00000, 0x00000000eb000000)
  object space 44032K, 93% used [0x00000000c1000000,0x00000000c381b518,0x00000000c3b00000)
 Metaspace       used 11250K, capacity 11558K, committed 11648K, reserved 1058816K
  class space    used 1311K, capacity 1385K, committed 1408K, reserved 1048576K
Event: 7.701 GC heap after
Heap after GC invocations=18 (full 10):
 PSYoungGen      total 19456K, used 13381K [0x00000000eb000000, 0x00000000ec600000, 0x0000000100000000)
  eden space 16384K, 81% used [0x00000000eb000000,0x00000000ebd117d0,0x00000000ec000000)
  from space 3072K, 0% used [0x00000000ec000000,0x00000000ec000000,0x00000000ec300000)
  to   space 3072K, 0% used [0x00000000ec300000,0x00000000ec300000,0x00000000ec600000)
 ParOldGen       total 44032K, used 41069K [0x00000000c1000000, 0x00000000c3b00000, 0x00000000eb000000)
  object space 44032K, 93% used [0x00000000c1000000,0x00000000c381b518,0x00000000c3b00000)
 Metaspace       used 11250K, capacity 11558K, committed 11648K, reserved 1058816K
  class space    used 1311K, capacity 1385K, committed 1408K, reserved 1048576K
}
Event: 7.915 GC heap before
{Heap before GC invocations=19 (full 11):
 PSYoungGen      total 19456K, used 16384K [0x00000000eb000000, 0x00000000ec600000, 0x0000000100000000)
  eden space 16384K, 100% used [0x00000000eb000000,0x00000000ec000000,0x00000000ec000000)
  from space 3072K, 0% used [0x00000000ec000000,0x00000000ec000000,0x00000000ec300000)
  to   space 3072K, 0% used [0x00000000ec300000,0x00000000ec300000,0x00000000ec600000)
 ParOldGen       total 44032K, used 41069K [0x00000000c1000000, 0x00000000c3b00000, 0x00000000eb000000)
  object space 44032K, 93% used [0x00000000c1000000,0x00000000c381b518,0x00000000c3b00000)
 Metaspace       used 11526K, capacity 11782K, committed 12032K, reserved 1060864K
  class space    used 1345K, capacity 1417K, committed 1536K, reserved 1048576K
Event: 7.949 GC heap after
Heap after GC invocations=19 (full 11):
 PSYoungGen      total 19456K, used 13302K [0x00000000eb000000, 0x00000000ec600000, 0x0000000100000000)
  eden space 16384K, 81% used [0x00000000eb000000,0x00000000ebcfd9f0,0x00000000ec000000)
  from space 3072K, 0% used [0x00000000ec000000,0x00000000ec000000,0x00000000ec300000)
  to   space 3072K, 0% used [0x00000000ec300000,0x00000000ec300000,0x00000000ec600000)
 ParOldGen       total 44032K, used 41067K [0x00000000c1000000, 0x00000000c3b00000, 0x00000000eb000000)
  object space 44032K, 93% used [0x00000000c1000000,0x00000000c381acf0,0x00000000c3b00000)
 Metaspace       used 11526K, capacity 11782K, committed 12032K, reserved 1060864K
  class space    used 1345K, capacity 1417K, committed 1536K, reserved 1048576K
}
Event: 8.106 GC heap before
{Heap before GC invocations=20 (full 12):
 PSYoungGen      total 19456K, used 16384K [0x00000000eb000000, 0x00000000ec600000, 0x0000000100000000)
  eden space 16384K, 100% used [0x00000000eb000000,0x00000000ec000000,0x00000000ec000000)
  from space 3072K, 0% used [0x00000000ec000000,0x00000000ec000000,0x00000000ec300000)
  to   space 3072K, 0% used [0x00000000ec300000,0x00000000ec300000,0x00000000ec600000)
 ParOldGen       total 44032K, used 41067K [0x00000000c1000000, 0x00000000c3b00000, 0x00000000eb000000)
  object space 44032K, 93% used [0x00000000c1000000,0x00000000c381acf0,0x00000000c3b00000)
 Metaspace       used 11927K, capacity 12262K, committed 12544K, reserved 1060864K
  class space    used 1419K, capacity 1513K, committed 1536K, reserved 1048576K
Event: 8.133 GC heap after
Heap after GC invocations=20 (full 12):
 PSYoungGen      total 19456K, used 13491K [0x00000000eb000000, 0x00000000ec600000, 0x0000000100000000)
  eden space 16384K, 82% used [0x00000000eb000000,0x00000000ebd2cc90,0x00000000ec000000)
  from space 3072K, 0% used [0x00000000ec000000,0x00000000ec000000,0x00000000ec300000)
  to   space 3072K, 0% used [0x00000000ec300000,0x00000000ec300000,0x00000000ec600000)
 ParOldGen       total 44032K, used 41065K [0x00000000c1000000, 0x00000000c3b00000, 0x00000000eb000000)
  object space 44032K, 93% used [0x00000000c1000000,0x00000000c381a438,0x00000000c3b00000)
 Metaspace       used 11927K, capacity 12262K, committed 12544K, reserved 1060864K
  class space    used 1419K, capacity 1513K, committed 1536K, reserved 1048576K
}
Event: 8.360 GC heap before
{Heap before GC invocations=21 (full 13):
 PSYoungGen      total 19456K, used 16384K [0x00000000eb000000, 0x00000000ec600000, 0x0000000100000000)
  eden space 16384K, 100% used [0x00000000eb000000,0x00000000ec000000,0x00000000ec000000)
  from space 3072K, 0% used [0x00000000ec000000,0x00000000ec000000,0x00000000ec300000)
  to   space 3072K, 0% used [0x00000000ec300000,0x00000000ec300000,0x00000000ec600000)
 ParOldGen       total 44032K, used 41065K [0x00000000c1000000, 0x00000000c3b00000, 0x00000000eb000000)
  object space 44032K, 93% used [0x00000000c1000000,0x00000000c381a438,0x00000000c3b00000)
 Metaspace       used 12089K, capacity 12332K, committed 12544K, reserved 1060864K
  class space    used 1448K, capacity 1514K, committed 1536K, reserved 1048576K
Event: 8.388 GC heap after
Heap after GC invocations=21 (full 13):
 PSYoungGen      total 19456K, used 0K [0x00000000eb000000, 0x00000000ec600000, 0x0000000100000000)
  eden space 16384K, 0% used [0x00000000eb000000,0x00000000eb000000,0x00000000ec000000)
  from space 3072K, 0% used [0x00000000ec000000,0x00000000ec000000,0x00000000ec300000)
  to   space 3072K, 0% used [0x00000000ec300000,0x00000000ec300000,0x00000000ec600000)
 ParOldGen       total 44032K, used 28364K [0x00000000c1000000, 0x00000000c3b00000, 0x00000000eb000000)
  object space 44032K, 64% used [0x00000000c1000000,0x00000000c2bb30e0,0x00000000c3b00000)
 Metaspace       used 12089K, capacity 12332K, committed 12544K, reserved 1060864K
  class space    used 1448K, capacity 1514K, committed 1536K, reserved 1048576K
}

Deoptimization events (4 events):
Event: 1.137 Thread 0x0000000016d49000 Uncommon trap: reason=unloaded action=reinterpret pc=0x0000000002c91154 method=com.codename1.impl.javase.ClassPathLoader.findClass(Ljava/lang/String;)Ljava/lang/Class; @ 107
Event: 1.144 Thread 0x0000000016d49000 Uncommon trap: reason=class_check action=maybe_recompile pc=0x0000000002c89a28 method=com.codename1.impl.javase.ClassPathLoader.findClass(Ljava/lang/String;)Ljava/lang/Class; @ 229
Event: 1.147 Thread 0x0000000016d49000 Uncommon trap: reason=class_check action=maybe_recompile pc=0x0000000002c89a28 method=com.codename1.impl.javase.ClassPathLoader.findClass(Ljava/lang/String;)Ljava/lang/Class; @ 229
Event: 1.150 Thread 0x0000000016d49000 Uncommon trap: reason=class_check action=maybe_recompile pc=0x0000000002c89a28 method=com.codename1.impl.javase.ClassPathLoader.findClass(Ljava/lang/String;)Ljava/lang/Class; @ 229

Internal exceptions (10 events):
Event: 0.305 Thread 0x0000000002a42800 Exception <a 'java/security/PrivilegedActionException'> (0x00000000eb1707c8) thrown at [C:\workspace\8-2-build-windows-amd64-cygwin\jdk8u31\2394\hotspot\src\share\vm\prims\jvm.cpp, line 1312]
Event: 0.307 Thread 0x0000000002a42800 Exception <a 'java/security/PrivilegedActionException'> (0x00000000eb174560) thrown at [C:\workspace\8-2-build-windows-amd64-cygwin\jdk8u31\2394\hotspot\src\share\vm\prims\jvm.cpp, line 1312]
Event: 0.307 Thread 0x0000000002a42800 Exception <a 'java/security/PrivilegedActionException'> (0x00000000eb174718) thrown at [C:\workspace\8-2-build-windows-amd64-cygwin\jdk8u31\2394\hotspot\src\share\vm\prims\jvm.cpp, line 1312]
Event: 0.876 Thread 0x0000000002a42800 Exception <a 'java/io/FileNotFoundException'> (0x00000000eb618e10) thrown at [C:\workspace\8-2-build-windows-amd64-cygwin\jdk8u31\2394\hotspot\src\share\vm\prims\jni.cpp, line 716]
Event: 0.914 Thread 0x0000000002a42800 Exception <a 'java/lang/ClassNotFoundException': java/lang/Null> (0x00000000eb643b48) thrown at [C:\workspace\8-2-build-windows-amd64-cygwin\jdk8u31\2394\hotspot\src\share\vm\classfile\systemDictionary.cpp, line 202]
Event: 0.936 Thread 0x0000000002a42800 Exception <a 'java/lang/NoSuchFieldError': method resolution failed> (0x00000000eb6a76b0) thrown at [C:\workspace\8-2-build-windows-amd64-cygwin\jdk8u31\2394\hotspot\src\share\vm\prims\methodHandles.cpp, line 1159]
Event: 0.940 Thread 0x0000000002a42800 Exception <a 'java/lang/NoSuchFieldError': method resolution failed> (0x00000000eb6b6598) thrown at [C:\workspace\8-2-build-windows-amd64-cygwin\jdk8u31\2394\hotspot\src\share\vm\prims\methodHandles.cpp, line 1159]
Event: 0.941 Thread 0x0000000002a42800 Exception <a 'java/lang/NoSuchFieldError': method resolution failed> (0x00000000eb6b9a18) thrown at [C:\workspace\8-2-build-windows-amd64-cygwin\jdk8u31\2394\hotspot\src\share\vm\prims\methodHandles.cpp, line 1159]
Event: 1.122 Thread 0x0000000002a42800 Exception <a 'java/security/PrivilegedActionException'> (0x00000000eb6fc4f0) thrown at [C:\workspace\8-2-build-windows-amd64-cygwin\jdk8u31\2394\hotspot\src\share\vm\prims\jvm.cpp, line 1312]
Event: 4.345 Thread 0x0000000016d49000 Exception <a 'java/io/FileNotFoundException'> (0x00000000ebeb5f00) thrown at [C:\workspace\8-2-build-windows-amd64-cygwin\jdk8u31\2394\hotspot\src\share\vm\prims\jni.cpp, line 716]

Events (10 events):
Event: 10.125 loading class java/util/concurrent/ConcurrentHashMap$KeyIterator
Event: 10.125 loading class java/util/concurrent/ConcurrentHashMap$BaseIterator
Event: 10.125 loading class java/util/concurrent/ConcurrentHashMap$Traverser
Event: 10.125 loading class java/util/concurrent/ConcurrentHashMap$Traverser done
Event: 10.125 loading class java/util/concurrent/ConcurrentHashMap$BaseIterator done
Event: 10.126 loading class java/util/concurrent/ConcurrentHashMap$KeyIterator done
Event: 10.126 Executing VM operation: RevokeBias
Event: 10.126 Executing VM operation: RevokeBias done
Event: 10.130 Executing VM operation: RevokeBias
Event: 10.130 Executing VM operation: RevokeBias done


Dynamic libraries:
0x000007f6f0f30000 - 0x000007f6f0f64000 	C:\Program Files\Java\jdk1.8.0_31\jre\bin\java.exe
0x000007fa11860000 - 0x000007fa11a1d000 	C:\Windows\SYSTEM32\ntdll.dll
0x000007fa0f560000 - 0x000007fa0f697000 	C:\Windows\system32\KERNEL32.DLL
0x000007fa0ea20000 - 0x000007fa0eb14000 	C:\Windows\system32\KERNELBASE.dll
0x000007fa0ee10000 - 0x000007fa0eeee000 	C:\Windows\system32\ADVAPI32.dll
0x000007fa0f410000 - 0x000007fa0f55c000 	C:\Windows\system32\USER32.dll
0x000007fa0ab70000 - 0x000007fa0adda000 	C:\Windows\WinSxS\amd64_microsoft.windows.common-controls_6595b64144ccf1df_6.0.9200.17359_none_4188b989718cf1c6\COMCTL32.dll
0x000007fa0eef0000 - 0x000007fa0ef95000 	C:\Windows\system32\msvcrt.dll
0x000007fa113f0000 - 0x000007fa11438000 	C:\Windows\SYSTEM32\sechost.dll
0x000007fa10ad0000 - 0x000007fa10c15000 	C:\Windows\system32\RPCRT4.dll
0x000007fa10c20000 - 0x000007fa10d61000 	C:\Windows\system32\GDI32.dll
0x000007fa117c0000 - 0x000007fa117f9000 	C:\Windows\system32\IMM32.DLL
0x000007fa10990000 - 0x000007fa10aa6000 	C:\Windows\system32\MSCTF.dll
0x00000000636f0000 - 0x00000000637c2000 	C:\Program Files\Java\jdk1.8.0_31\jre\bin\msvcr100.dll
0x00000000637d0000 - 0x000000006402a000 	C:\Program Files\Java\jdk1.8.0_31\jre\bin\server\jvm.dll
0x000007fa0cf50000 - 0x000007fa0cf59000 	C:\Windows\SYSTEM32\WSOCK32.dll
0x000007fa08920000 - 0x000007fa08940000 	C:\Windows\SYSTEM32\WINMM.dll
0x000007fa10d70000 - 0x000007fa10d77000 	C:\Windows\system32\PSAPI.DLL
0x000007fa11800000 - 0x000007fa11858000 	C:\Windows\system32\WS2_32.dll
0x000007fa088e0000 - 0x000007fa08913000 	C:\Windows\SYSTEM32\WINMMBASE.dll
0x000007fa11440000 - 0x000007fa11449000 	C:\Windows\system32\NSI.dll
0x000007fa0eb20000 - 0x000007fa0eb6f000 	C:\Windows\SYSTEM32\cfgmgr32.dll
0x000007fa0eb70000 - 0x000007fa0eb92000 	C:\Windows\system32\DEVOBJ.dll
0x00000000636a0000 - 0x00000000636af000 	C:\Program Files\Java\jdk1.8.0_31\jre\bin\verify.dll
0x0000000063670000 - 0x0000000063698000 	C:\Program Files\Java\jdk1.8.0_31\jre\bin\java.dll
0x0000000063650000 - 0x0000000063666000 	C:\Program Files\Java\jdk1.8.0_31\jre\bin\zip.dll
0x000007fa0f6a0000 - 0x000007fa10985000 	C:\Windows\system32\SHELL32.dll
0x000007fa0f250000 - 0x000007fa0f400000 	C:\Windows\SYSTEM32\combase.dll
0x000007fa11770000 - 0x000007fa117c0000 	C:\Windows\system32\SHLWAPI.dll
0x000007fa0b030000 - 0x000007fa0b0c6000 	C:\Windows\SYSTEM32\SHCORE.dll
0x000007fa0e770000 - 0x000007fa0e785000 	C:\Windows\SYSTEM32\profapi.dll
0x0000000063630000 - 0x000000006364a000 	C:\Program Files\Java\jdk1.8.0_31\jre\bin\net.dll
0x000007fa0dfc0000 - 0x000007fa0e01c000 	C:\Windows\system32\mswsock.dll
0x0000000063470000 - 0x0000000063608000 	C:\Program Files\Java\jdk1.8.0_31\jre\bin\awt.dll
0x000007fa11450000 - 0x000007fa11513000 	C:\Windows\system32\OLEAUT32.dll
0x000007fa05390000 - 0x000007fa0542e000 	C:\Windows\system32\apphelp.dll
0x000007fa0d5f0000 - 0x000007fa0d6d3000 	C:\Windows\system32\uxtheme.dll
0x000007fa0ae40000 - 0x000007fa0ae61000 	C:\Windows\SYSTEM32\dwmapi.dll
0x000007fa11040000 - 0x000007fa111be000 	C:\Windows\system32\ole32.dll
0x000007fa0e5b0000 - 0x000007fa0e5ba000 	C:\Windows\SYSTEM32\CRYPTBASE.dll
0x000007fa0e550000 - 0x000007fa0e5ad000 	C:\Windows\SYSTEM32\bcryptPrimitives.dll
0x000007f9f7b20000 - 0x000007f9f7d20000 	C:\Windows\system32\d3d9.dll
0x000007fa09700000 - 0x000007fa09709000 	C:\Windows\SYSTEM32\VERSION.dll
0x000007f9e62a0000 - 0x000007f9e7a59000 	C:\Windows\SYSTEM32\igdumdim64.dll
0x000007fa015b0000 - 0x000007fa01f95000 	C:\Windows\SYSTEM32\igdusc64.dll
0x000007fa0e020000 - 0x000007fa0e03a000 	C:\Windows\SYSTEM32\CRYPTSP.dll
0x000007fa0dc70000 - 0x000007fa0dcbb000 	C:\Windows\system32\rsaenh.dll
0x000007fa0dd70000 - 0x000007fa0dd8f000 	C:\Windows\SYSTEM32\USERENV.dll
0x000007fa096b0000 - 0x000007fa096da000 	C:\Windows\SYSTEM32\IPHLPAPI.DLL
0x000007fa09680000 - 0x000007fa0968a000 	C:\Windows\SYSTEM32\WINNSI.DLL
0x000007fa08d10000 - 0x000007fa08d23000 	C:\Windows\SYSTEM32\dhcpcsvc6.DLL
0x000007fa08cf0000 - 0x000007fa08d08000 	C:\Windows\SYSTEM32\dhcpcsvc.DLL
0x0000000063610000 - 0x0000000063621000 	C:\Program Files\Java\jdk1.8.0_31\jre\bin\nio.dll
0x0000000063420000 - 0x0000000063467000 	C:\Program Files\Java\jdk1.8.0_31\jre\bin\fontmanager.dll
0x00000000633d0000 - 0x0000000063411000 	C:\Program Files\Java\jdk1.8.0_31\jre\bin\t2k.dll
0x000007fa08150000 - 0x000007fa082b3000 	C:\Windows\SYSTEM32\dbghelp.dll

VM Arguments:
jvm_args: -Dfile.encoding=UTF-8 
java_command: com.codename1.impl.javase.Simulator com.gentrepot.into.MyApplication
java_class_path (initial): C:\Users\guiforodrigue\Desktop\MY3A27\PIDEV\VERSION-FINAL-GEntrepot-Mobile\Gentrepot-Sprint-Mobile\GentrepotMobile\JavaSE.jar;C:\Users\guiforodrigue\Desktop\MY3A27\PIDEV\VERSION-FINAL-GEntrepot-Mobile\Gentrepot-Sprint-Mobile\GentrepotMobile\lib\CLDC11.jar;C:\Users\guiforodrigue\Desktop\MY3A27\PIDEV\VERSION-FINAL-GEntrepot-Mobile\Gentrepot-Sprint-Mobile\GentrepotMobile\lib\CodenameOne.jar;C:\Users\guiforodrigue\Desktop\MY3A27\PIDEV\VERSION-FINAL-GEntrepot-Mobile\Gentrepot-Sprint-Mobile\GentrepotMobile\lib\CodenameOne_SRC.zip;C:\Users\guiforodrigue\Desktop\MY3A27\PIDEV\VERSION-FINAL-GEntrepot-Mobile\Gentrepot-Sprint-Mobile\GentrepotMobile\lib\impl\cls;C:\Users\guiforodrigue\Desktop\MY3A27\PIDEV\VERSION-FINAL-GEntrepot-Mobile\Gentrepot-Sprint-Mobile\GentrepotMobile\lib\impl\stubs;C:\Users\guiforodrigue\Desktop\MY3A27\PIDEV\VERSION-FINAL-GEntrepot-Mobile\Gentrepot-Sprint-Mobile\Api\java-util-1.3.1.jar;C:\Users\guiforodrigue\Desktop\MY3A27\PIDEV\VERSION-FINAL-GEntrepot-Mobile\Gentrepot-Sprint-Mobile\Api\javax.mail.jar;C:\Users\guiforodrigue\Desktop\MY3A27\PIDEV\VERSION-FINAL-GEntrepot-Mobile\Gentrepot-Sprint-Mobile\Api\jbcrypt-0.4.jar;C:\Users\guiforodrigue\Desktop\MY3A27\PIDEV\VERSION-FINAL-GEntrepot-Mobile\Gentrepot-Sprint-Mobile\Api\json-20190722.jar;C:\Users\guiforodrigue\Desktop\MY3A27\PIDEV\VERSION-FINAL-GEntrepot-Mobile\Gentrepot-Sprint-Mobile\Api\json-simple-2.1.2.jar;C:\Users\guiforodrigue\Desktop\MY3A27\PIDEV\VERSION-FINAL-GEntrepot-Mobile\Gentrepot-Sprint-Mobile\Api\org.osgi.foundation-1.0.0.jar;C:\Users\guiforodrigue\Desktop\MY3A27\PIDEV\VERSION-FINAL-GEntrepot-Mobile\Gentrepot-Sprint-Mobile\GentrepotMobile\build\classes;C:\Users\guiforodrigue\Desktop\MY3A27\PIDEV\VERSION-FINAL-GEntrepot-Mobile\Gentrepot-Sprint-Mobile\GentrepotMobile\native\internal_tmp
Launcher Type: SUN_STANDARD

Environment Variables:
PATH=C:\ProgramData\Oracle\Java\javapath;C:\Program Files (x86)\Common Files\Oracle\Java\javapath;C:\app\guiforodrigue\product\18.0.0\dbhomeXE\bin;C:\wamp64\bin\php\php7.2.18;C:\Program Files\Git\cmd;C:\ProgramData\ComposerSetup\bin;C:\Users\guiforodrigue\AppData\Local\Programs\Python\Python38-32\Scripts\;C:\Users\guiforodrigue\AppData\Local\Programs\Python\Python38-32\;C:\wamp64\bin\php\php7.2.18;C:\Program Files\JetBrains\PhpStorm 2019.2.3\bin;;C:\Users\guiforodrigue\AppData\Roaming\Composer\vendor\bin
USERNAME=guiforodrigue
OS=Windows_NT
PROCESSOR_IDENTIFIER=Intel64 Family 6 Model 69 Stepping 1, GenuineIntel



---------------  S Y S T E M  ---------------

OS: Windows 8 , 64 bit Build 9200 

CPU:total 4 (2 cores per cpu, 2 threads per core) family 6 model 69 stepping 1, cmov, cx8, fxsr, mmx, sse, sse2, sse3, ssse3, sse4.1, sse4.2, popcnt, avx, avx2, aes, clmul, erms, lzcnt, ht, tsc, tscinvbit, bmi1, bmi2

Memory: 4k page, physical 4124500k(958404k free), swap 16707412k(1668k free)

vm_info: Java HotSpot(TM) 64-Bit Server VM (25.31-b07) for windows-amd64 JRE (1.8.0_31-b13), built on Dec 17 2014 21:00:28 by "java_re" with MS VC++ 10.0 (VS2010)

time: Tue Jun 02 09:22:07 2020
elapsed time: 10 seconds (0d 0h 0m 10s)

