#
# There is insufficient memory for the Java Runtime Environment to continue.
# Native memory allocation (malloc) failed to allocate 1024896 bytes for Chunk::new
# Possible reasons:
#   The system is out of physical RAM or swap space
#   In 32 bit mode, the process size limit was hit
# Possible solutions:
#   Reduce memory load on the system
#   Increase physical memory or swap space
#   Check if swap backing store is full
#   Use 64 bit Java on a 64 bit OS
#   Decrease Java heap size (-Xmx/-Xms)
#   Decrease number of Java threads
#   Decrease Java thread stack sizes (-Xss)
#   Set larger code cache with -XX:ReservedCodeCacheSize=
# This output file may be truncated or incomplete.
#
#  Out of Memory Error (allocation.cpp:390), pid=7816, tid=12240
#
# JRE version: Java(TM) SE Runtime Environment (8.0_31-b13) (build 1.8.0_31-b13)
# Java VM: Java HotSpot(TM) 64-Bit Server VM (25.31-b07 mixed mode windows-amd64 compressed oops)
# Failed to write core dump. Minidumps are not enabled by default on client versions of Windows
#

---------------  T H R E A D  ---------------

Current thread (0x000000001501f800):  JavaThread "C2 CompilerThread1" daemon [_thread_in_native, id=12240, stack(0x0000000016670000,0x0000000016770000)]

Stack: [0x0000000016670000,0x0000000016770000]
Native frames: (J=compiled Java code, j=interpreted, Vv=VM code, C=native code)
V  [jvm.dll+0x3169ba]


Current CompileTask:
C2:  12786  963   !   4       sun.font.TrueTypeFont::getTableBuffer (199 bytes)


---------------  P R O C E S S  ---------------

Java Threads: ( => current thread )
  0x0000000016c08000 JavaThread "D3D Screen Updater" daemon [_thread_blocked, id=14252, stack(0x000000001a100000,0x000000001a200000)]
  0x0000000016faf000 JavaThread "EDT" [_thread_in_native, id=10928, stack(0x0000000019e00000,0x0000000019f00000)]
  0x00000000028f2800 JavaThread "DestroyJavaVM" [_thread_blocked, id=15936, stack(0x0000000002420000,0x0000000002520000)]
  0x0000000016f22800 JavaThread "Thread-4" [_thread_blocked, id=16336, stack(0x0000000018060000,0x0000000018160000)]
  0x0000000016f21800 JavaThread "AWT-EventQueue-0" [_thread_blocked, id=13192, stack(0x0000000017f60000,0x0000000018060000)]
  0x0000000016f1d000 JavaThread "AWT-Windows" daemon [_thread_in_native, id=10528, stack(0x0000000017c10000,0x0000000017d10000)]
  0x0000000016ae3800 JavaThread "AWT-Shutdown" [_thread_blocked, id=11480, stack(0x0000000017b10000,0x0000000017c10000)]
  0x0000000016ae3000 JavaThread "Java2D Disposer" daemon [_thread_blocked, id=5080, stack(0x0000000017670000,0x0000000017770000)]
  0x0000000016888000 JavaThread "Service Thread" daemon [_thread_blocked, id=9544, stack(0x0000000016c70000,0x0000000016d70000)]
  0x0000000015026800 JavaThread "C1 CompilerThread2" daemon [_thread_blocked, id=9124, stack(0x0000000016770000,0x0000000016870000)]
=>0x000000001501f800 JavaThread "C2 CompilerThread1" daemon [_thread_in_native, id=12240, stack(0x0000000016670000,0x0000000016770000)]
  0x000000001501e000 JavaThread "C2 CompilerThread0" daemon [_thread_in_native, id=16080, stack(0x0000000016570000,0x0000000016670000)]
  0x000000001501c800 JavaThread "Attach Listener" daemon [_thread_blocked, id=10748, stack(0x0000000016470000,0x0000000016570000)]
  0x000000001501b000 JavaThread "Signal Dispatcher" daemon [_thread_blocked, id=772, stack(0x0000000016370000,0x0000000016470000)]
  0x00000000029e6800 JavaThread "Finalizer" daemon [_thread_blocked, id=14716, stack(0x0000000016270000,0x0000000016370000)]
  0x00000000029de800 JavaThread "Reference Handler" daemon [_thread_blocked, id=7628, stack(0x0000000016170000,0x0000000016270000)]

Other Threads:
  0x0000000014fe6800 VMThread [stack: 0x0000000016070000,0x0000000016170000] [id=7428]
  0x000000001689e000 WatcherThread [stack: 0x0000000016d70000,0x0000000016e70000] [id=15096]

VM state:not at safepoint (normal execution)

VM Mutex/Monitor currently owned by a thread: None

Heap:
 PSYoungGen      total 53248K, used 42440K [0x00000000eb000000, 0x00000000ee880000, 0x0000000100000000)
  eden space 51712K, 82% used [0x00000000eb000000,0x00000000ed972088,0x00000000ee280000)
  from space 1536K, 0% used [0x00000000ee700000,0x00000000ee700000,0x00000000ee880000)
  to   space 3072K, 0% used [0x00000000ee280000,0x00000000ee280000,0x00000000ee580000)
 ParOldGen       total 156672K, used 54266K [0x00000000c1000000, 0x00000000ca900000, 0x00000000eb000000)
  object space 156672K, 34% used [0x00000000c1000000,0x00000000c44feb60,0x00000000ca900000)
 Metaspace       used 14366K, capacity 14662K, committed 14848K, reserved 1062912K
  class space    used 1699K, capacity 1775K, committed 1792K, reserved 1048576K

Card table byte_map: [0x0000000011db0000,0x0000000011fb0000] byte_map_base: 0x00000000117a8000

Marking Bits: (ParMarkBitMap*) 0x000000006761d4f0
 Begin Bits: [0x0000000012500000, 0x00000000134c0000)
 End Bits:   [0x00000000134c0000, 0x0000000014480000)

Polling page: 0x0000000000c50000

CodeCache: size=245760Kb used=3475Kb max_used=3480Kb free=242284Kb
 bounds [0x00000000029f0000, 0x0000000002d60000, 0x00000000119f0000]
 total_blobs=1478 nmethods=952 adapters=440
 compilation: enabled

Compilation events (10 events):
Event: 12.697 Thread 0x0000000015026800  967  s    3       sun.font.FontFamily::addLocaleNames (45 bytes)
Event: 12.698 Thread 0x0000000015026800 nmethod 967 0x0000000002d556d0 code [0x0000000002d558a0, 0x0000000002d560d8]
Event: 12.698 Thread 0x0000000015026800  966   !   3       sun.font.TrueTypeFont::getAllFamilyNames (33 bytes)
Event: 12.699 Thread 0x0000000015026800 nmethod 966 0x0000000002d56450 code [0x0000000002d56620, 0x0000000002d56d98]
Event: 12.708 Thread 0x000000001501e000 nmethod 964 0x0000000002d5a450 code [0x0000000002d5a5c0, 0x0000000002d5ad08]
Event: 12.708 Thread 0x000000001501e000  968       4       java.util.HashMap$HashIterator::nextNode (100 bytes)
Event: 12.714 Thread 0x000000001501e000 nmethod 968 0x0000000002d57250 code [0x0000000002d573a0, 0x0000000002d57578]
Event: 12.714 Thread 0x000000001501e000  970       4       sun.font.TrueTypeFont::initAllNames (177 bytes)
Event: 12.777 Thread 0x0000000015026800  973       2       java.lang.String::toUpperCase (439 bytes)
Event: 12.779 Thread 0x0000000015026800 nmethod 973 0x0000000002d58b10 code [0x0000000002d58d80, 0x0000000002d59918]

GC Heap History (10 events):
Event: 5.474 GC heap before
{Heap before GC invocations=5 (full 1):
 PSYoungGen      total 18944K, used 16384K [0x00000000eb000000, 0x00000000ed500000, 0x0000000100000000)
  eden space 16384K, 100% used [0x00000000eb000000,0x00000000ec000000,0x00000000ec000000)
  from space 2560K, 0% used [0x00000000ec000000,0x00000000ec000000,0x00000000ec280000)
  to   space 2560K, 0% used [0x00000000ed280000,0x00000000ed280000,0x00000000ed500000)
 ParOldGen       total 75264K, used 28053K [0x00000000c1000000, 0x00000000c5980000, 0x00000000eb000000)
  object space 75264K, 37% used [0x00000000c1000000,0x00000000c2b65668,0x00000000c5980000)
 Metaspace       used 10684K, capacity 10950K, committed 11136K, reserved 1058816K
  class space    used 1266K, capacity 1353K, committed 1408K, reserved 1048576K
Event: 5.476 GC heap after
Heap after GC invocations=5 (full 1):
 PSYoungGen      total 28672K, used 128K [0x00000000eb000000, 0x00000000ed300000, 0x0000000100000000)
  eden space 28160K, 0% used [0x00000000eb000000,0x00000000eb000000,0x00000000ecb80000)
  from space 512K, 25% used [0x00000000ed280000,0x00000000ed2a0000,0x00000000ed300000)
  to   space 2560K, 0% used [0x00000000ece00000,0x00000000ece00000,0x00000000ed080000)
 ParOldGen       total 75264K, used 28061K [0x00000000c1000000, 0x00000000c5980000, 0x00000000eb000000)
  object space 75264K, 37% used [0x00000000c1000000,0x00000000c2b67668,0x00000000c5980000)
 Metaspace       used 10684K, capacity 10950K, committed 11136K, reserved 1058816K
  class space    used 1266K, capacity 1353K, committed 1408K, reserved 1048576K
}
Event: 5.629 GC heap before
{Heap before GC invocations=6 (full 1):
 PSYoungGen      total 28672K, used 28288K [0x00000000eb000000, 0x00000000ed300000, 0x0000000100000000)
  eden space 28160K, 100% used [0x00000000eb000000,0x00000000ecb80000,0x00000000ecb80000)
  from space 512K, 25% used [0x00000000ed280000,0x00000000ed2a0000,0x00000000ed300000)
  to   space 2560K, 0% used [0x00000000ece00000,0x00000000ece00000,0x00000000ed080000)
 ParOldGen       total 75264K, used 28061K [0x00000000c1000000, 0x00000000c5980000, 0x00000000eb000000)
  object space 75264K, 37% used [0x00000000c1000000,0x00000000c2b67668,0x00000000c5980000)
 Metaspace       used 10684K, capacity 10950K, committed 11136K, reserved 1058816K
  class space    used 1266K, capacity 1353K, committed 1408K, reserved 1048576K
Event: 5.644 GC heap after
Heap after GC invocations=6 (full 1):
 PSYoungGen      total 33280K, used 160K [0x00000000eb000000, 0x00000000eea00000, 0x0000000100000000)
  eden space 30720K, 0% used [0x00000000eb000000,0x00000000eb000000,0x00000000ece00000)
  from space 2560K, 6% used [0x00000000ece00000,0x00000000ece28000,0x00000000ed080000)
  to   space 3072K, 0% used [0x00000000ee700000,0x00000000ee700000,0x00000000eea00000)
 ParOldGen       total 75264K, used 67374K [0x00000000c1000000, 0x00000000c5980000, 0x00000000eb000000)
  object space 75264K, 89% used [0x00000000c1000000,0x00000000c51cbbb0,0x00000000c5980000)
 Metaspace       used 10684K, capacity 10950K, committed 11136K, reserved 1058816K
  class space    used 1266K, capacity 1353K, committed 1408K, reserved 1048576K
}
Event: 5.644 GC heap before
{Heap before GC invocations=7 (full 2):
 PSYoungGen      total 33280K, used 160K [0x00000000eb000000, 0x00000000eea00000, 0x0000000100000000)
  eden space 30720K, 0% used [0x00000000eb000000,0x00000000eb000000,0x00000000ece00000)
  from space 2560K, 6% used [0x00000000ece00000,0x00000000ece28000,0x00000000ed080000)
  to   space 3072K, 0% used [0x00000000ee700000,0x00000000ee700000,0x00000000eea00000)
 ParOldGen       total 75264K, used 67374K [0x00000000c1000000, 0x00000000c5980000, 0x00000000eb000000)
  object space 75264K, 89% used [0x00000000c1000000,0x00000000c51cbbb0,0x00000000c5980000)
 Metaspace       used 10684K, capacity 10950K, committed 11136K, reserved 1058816K
  class space    used 1266K, capacity 1353K, committed 1408K, reserved 1048576K
Event: 5.657 GC heap after
Heap after GC invocations=7 (full 2):
 PSYoungGen      total 33280K, used 0K [0x00000000eb000000, 0x00000000eea00000, 0x0000000100000000)
  eden space 30720K, 0% used [0x00000000eb000000,0x00000000eb000000,0x00000000ece00000)
  from space 2560K, 0% used [0x00000000ece00000,0x00000000ece00000,0x00000000ed080000)
  to   space 3072K, 0% used [0x00000000ee700000,0x00000000ee700000,0x00000000eea00000)
 ParOldGen       total 122368K, used 41222K [0x00000000c1000000, 0x00000000c8780000, 0x00000000eb000000)
  object space 122368K, 33% used [0x00000000c1000000,0x00000000c3841938,0x00000000c8780000)
 Metaspace       used 10684K, capacity 10950K, committed 11136K, reserved 1058816K
  class space    used 1266K, capacity 1353K, committed 1408K, reserved 1048576K
}
Event: 5.812 GC heap before
{Heap before GC invocations=8 (full 2):
 PSYoungGen      total 33280K, used 30720K [0x00000000eb000000, 0x00000000eea00000, 0x0000000100000000)
  eden space 30720K, 100% used [0x00000000eb000000,0x00000000ece00000,0x00000000ece00000)
  from space 2560K, 0% used [0x00000000ece00000,0x00000000ece00000,0x00000000ed080000)
  to   space 3072K, 0% used [0x00000000ee700000,0x00000000ee700000,0x00000000eea00000)
 ParOldGen       total 122368K, used 41222K [0x00000000c1000000, 0x00000000c8780000, 0x00000000eb000000)
  object space 122368K, 33% used [0x00000000c1000000,0x00000000c3841938,0x00000000c8780000)
 Metaspace       used 10685K, capacity 10950K, committed 11136K, reserved 1058816K
  class space    used 1266K, capacity 1353K, committed 1408K, reserved 1048576K
Event: 5.823 GC heap after
Heap after GC invocations=8 (full 2):
 PSYoungGen      total 53248K, used 160K [0x00000000eb000000, 0x00000000ee880000, 0x0000000100000000)
  eden space 51712K, 0% used [0x00000000eb000000,0x00000000eb000000,0x00000000ee280000)
  from space 1536K, 10% used [0x00000000ee700000,0x00000000ee728000,0x00000000ee880000)
  to   space 3072K, 0% used [0x00000000ee280000,0x00000000ee280000,0x00000000ee580000)
 ParOldGen       total 122368K, used 80527K [0x00000000c1000000, 0x00000000c8780000, 0x00000000eb000000)
  object space 122368K, 65% used [0x00000000c1000000,0x00000000c5ea3e80,0x00000000c8780000)
 Metaspace       used 10685K, capacity 10950K, committed 11136K, reserved 1058816K
  class space    used 1266K, capacity 1353K, committed 1408K, reserved 1048576K
}
Event: 5.823 GC heap before
{Heap before GC invocations=9 (full 3):
 PSYoungGen      total 53248K, used 160K [0x00000000eb000000, 0x00000000ee880000, 0x0000000100000000)
  eden space 51712K, 0% used [0x00000000eb000000,0x00000000eb000000,0x00000000ee280000)
  from space 1536K, 10% used [0x00000000ee700000,0x00000000ee728000,0x00000000ee880000)
  to   space 3072K, 0% used [0x00000000ee280000,0x00000000ee280000,0x00000000ee580000)
 ParOldGen       total 122368K, used 80527K [0x00000000c1000000, 0x00000000c8780000, 0x00000000eb000000)
  object space 122368K, 65% used [0x00000000c1000000,0x00000000c5ea3e80,0x00000000c8780000)
 Metaspace       used 10685K, capacity 10950K, committed 11136K, reserved 1058816K
  class space    used 1266K, capacity 1353K, committed 1408K, reserved 1048576K
Event: 5.874 GC heap after
Heap after GC invocations=9 (full 3):
 PSYoungGen      total 53248K, used 0K [0x00000000eb000000, 0x00000000ee880000, 0x0000000100000000)
  eden space 51712K, 0% used [0x00000000eb000000,0x00000000eb000000,0x00000000ee280000)
  from space 1536K, 0% used [0x00000000ee700000,0x00000000ee700000,0x00000000ee880000)
  to   space 3072K, 0% used [0x00000000ee280000,0x00000000ee280000,0x00000000ee580000)
 ParOldGen       total 156672K, used 54266K [0x00000000c1000000, 0x00000000ca900000, 0x00000000eb000000)
  object space 156672K, 34% used [0x00000000c1000000,0x00000000c44feb60,0x00000000ca900000)
 Metaspace       used 10685K, capacity 10950K, committed 11136K, reserved 1058816K
  class space    used 1266K, capacity 1353K, committed 1408K, reserved 1048576K
}

Deoptimization events (5 events):
Event: 1.674 Thread 0x0000000016f21800 Uncommon trap: reason=unloaded action=reinterpret pc=0x0000000002b3e104 method=com.codename1.impl.javase.ClassPathLoader.findClass(Ljava/lang/String;)Ljava/lang/Class; @ 107
Event: 1.737 Thread 0x0000000016f21800 Uncommon trap: reason=class_check action=maybe_recompile pc=0x0000000002b36928 method=com.codename1.impl.javase.ClassPathLoader.findClass(Ljava/lang/String;)Ljava/lang/Class; @ 229
Event: 1.742 Thread 0x0000000016f21800 Uncommon trap: reason=class_check action=maybe_recompile pc=0x0000000002b36928 method=com.codename1.impl.javase.ClassPathLoader.findClass(Ljava/lang/String;)Ljava/lang/Class; @ 229
Event: 1.748 Thread 0x0000000016f21800 Uncommon trap: reason=class_check action=maybe_recompile pc=0x0000000002b36928 method=com.codename1.impl.javase.ClassPathLoader.findClass(Ljava/lang/String;)Ljava/lang/Class; @ 229
Event: 12.654 Thread 0x0000000016faf000 Uncommon trap: reason=unloaded action=reinterpret pc=0x0000000002cc278c method=java.lang.CharacterData.of(I)Ljava/lang/CharacterData; @ 96

Internal exceptions (10 events):
Event: 0.247 Thread 0x00000000028f2800 Exception <a 'java/security/PrivilegedActionException'> (0x00000000eb167d20) thrown at [C:\workspace\8-2-build-windows-amd64-cygwin\jdk8u31\2394\hotspot\src\share\vm\prims\jvm.cpp, line 1312]
Event: 0.247 Thread 0x00000000028f2800 Exception <a 'java/security/PrivilegedActionException'> (0x00000000eb16bab8) thrown at [C:\workspace\8-2-build-windows-amd64-cygwin\jdk8u31\2394\hotspot\src\share\vm\prims\jvm.cpp, line 1312]
Event: 0.248 Thread 0x00000000028f2800 Exception <a 'java/security/PrivilegedActionException'> (0x00000000eb16bc70) thrown at [C:\workspace\8-2-build-windows-amd64-cygwin\jdk8u31\2394\hotspot\src\share\vm\prims\jvm.cpp, line 1312]
Event: 1.473 Thread 0x00000000028f2800 Exception <a 'java/io/FileNotFoundException'> (0x00000000eb5afa50) thrown at [C:\workspace\8-2-build-windows-amd64-cygwin\jdk8u31\2394\hotspot\src\share\vm\prims\jni.cpp, line 716]
Event: 1.510 Thread 0x00000000028f2800 Exception <a 'java/lang/ClassNotFoundException': java/lang/Null> (0x00000000eb5da728) thrown at [C:\workspace\8-2-build-windows-amd64-cygwin\jdk8u31\2394\hotspot\src\share\vm\classfile\systemDictionary.cpp, line 202]
Event: 1.530 Thread 0x00000000028f2800 Exception <a 'java/lang/NoSuchFieldError': method resolution failed> (0x00000000eb68fd68) thrown at [C:\workspace\8-2-build-windows-amd64-cygwin\jdk8u31\2394\hotspot\src\share\vm\prims\methodHandles.cpp, line 1159]
Event: 1.533 Thread 0x00000000028f2800 Exception <a 'java/lang/NoSuchFieldError': method resolution failed> (0x00000000eb69ec50) thrown at [C:\workspace\8-2-build-windows-amd64-cygwin\jdk8u31\2394\hotspot\src\share\vm\prims\methodHandles.cpp, line 1159]
Event: 1.534 Thread 0x00000000028f2800 Exception <a 'java/lang/NoSuchFieldError': method resolution failed> (0x00000000eb6a20d0) thrown at [C:\workspace\8-2-build-windows-amd64-cygwin\jdk8u31\2394\hotspot\src\share\vm\prims\methodHandles.cpp, line 1159]
Event: 1.672 Thread 0x00000000028f2800 Exception <a 'java/security/PrivilegedActionException'> (0x00000000eb6e4a88) thrown at [C:\workspace\8-2-build-windows-amd64-cygwin\jdk8u31\2394\hotspot\src\share\vm\prims\jvm.cpp, line 1312]
Event: 3.950 Thread 0x0000000016f21800 Exception <a 'java/io/FileNotFoundException'> (0x00000000ebda9e88) thrown at [C:\workspace\8-2-build-windows-amd64-cygwin\jdk8u31\2394\hotspot\src\share\vm\prims\jni.cpp, line 716]

Events (10 events):
Event: 12.655 Executing VM operation: Deoptimize
Event: 12.655 Executing VM operation: Deoptimize done
Event: 12.655 Thread 0x0000000016faf000 DEOPT PACKING pc=0x0000000002cc278c sp=0x0000000019efe650
Event: 12.655 Thread 0x0000000016faf000 DEOPT UNPACKING pc=0x0000000002a3556a sp=0x0000000019efe4e8 mode 2
Event: 12.721 Executing VM operation: RevokeBias
Event: 12.721 Executing VM operation: RevokeBias done
Event: 12.721 Executing VM operation: RevokeBias
Event: 12.721 Executing VM operation: RevokeBias done
Event: 12.721 Executing VM operation: RevokeBias
Event: 12.721 Executing VM operation: RevokeBias done


Dynamic libraries:
0x000007f6c9c30000 - 0x000007f6c9c64000 	C:\Program Files\Java\jdk1.8.0_31\jre\bin\java.exe
0x000007feec240000 - 0x000007feec3fd000 	C:\Windows\SYSTEM32\ntdll.dll
0x000007feeb9d0000 - 0x000007feebb07000 	C:\Windows\system32\KERNEL32.DLL
0x000007fee9300000 - 0x000007fee93f4000 	C:\Windows\system32\KERNELBASE.dll
0x000007feebc60000 - 0x000007feebd3e000 	C:\Windows\system32\ADVAPI32.dll
0x000007feebf60000 - 0x000007feec0ac000 	C:\Windows\system32\USER32.dll
0x000007fee5380000 - 0x000007fee55ea000 	C:\Windows\WinSxS\amd64_microsoft.windows.common-controls_6595b64144ccf1df_6.0.9200.17359_none_4188b989718cf1c6\COMCTL32.dll
0x000007fee9d60000 - 0x000007fee9e05000 	C:\Windows\system32\msvcrt.dll
0x000007fee9b50000 - 0x000007fee9b98000 	C:\Windows\SYSTEM32\sechost.dll
0x000007fee9810000 - 0x000007fee9955000 	C:\Windows\system32\RPCRT4.dll
0x000007feebb10000 - 0x000007feebc51000 	C:\Windows\system32\GDI32.dll
0x000007feea650000 - 0x000007feea689000 	C:\Windows\system32\IMM32.DLL
0x000007feec0b0000 - 0x000007feec1c6000 	C:\Windows\system32\MSCTF.dll
0x0000000066d60000 - 0x0000000066e32000 	C:\Program Files\Java\jdk1.8.0_31\jre\bin\msvcr100.dll
0x0000000066e40000 - 0x000000006769a000 	C:\Program Files\Java\jdk1.8.0_31\jre\bin\server\jvm.dll
0x000007fee7ad0000 - 0x000007fee7ad9000 	C:\Windows\SYSTEM32\WSOCK32.dll
0x000007fee3290000 - 0x000007fee32b0000 	C:\Windows\SYSTEM32\WINMM.dll
0x000007feea210000 - 0x000007feea217000 	C:\Windows\system32\PSAPI.DLL
0x000007feec1d0000 - 0x000007feec228000 	C:\Windows\system32\WS2_32.dll
0x000007fee3250000 - 0x000007fee3283000 	C:\Windows\SYSTEM32\WINMMBASE.dll
0x000007feec230000 - 0x000007feec239000 	C:\Windows\system32\NSI.dll
0x000007fee92b0000 - 0x000007fee92ff000 	C:\Windows\SYSTEM32\cfgmgr32.dll
0x000007fee9280000 - 0x000007fee92a2000 	C:\Windows\system32\DEVOBJ.dll
0x0000000066d10000 - 0x0000000066d1f000 	C:\Program Files\Java\jdk1.8.0_31\jre\bin\verify.dll
0x0000000066ce0000 - 0x0000000066d08000 	C:\Program Files\Java\jdk1.8.0_31\jre\bin\java.dll
0x0000000066cc0000 - 0x0000000066cd6000 	C:\Program Files\Java\jdk1.8.0_31\jre\bin\zip.dll
0x000007feea6e0000 - 0x000007feeb9c5000 	C:\Windows\system32\SHELL32.dll
0x000007fee9ba0000 - 0x000007fee9d50000 	C:\Windows\SYSTEM32\combase.dll
0x000007feea690000 - 0x000007feea6e0000 	C:\Windows\system32\SHLWAPI.dll
0x000007fee6960000 - 0x000007fee69f6000 	C:\Windows\SYSTEM32\SHCORE.dll
0x000007fee9150000 - 0x000007fee9165000 	C:\Windows\SYSTEM32\profapi.dll
0x0000000066ca0000 - 0x0000000066cba000 	C:\Program Files\Java\jdk1.8.0_31\jre\bin\net.dll
0x000007fee89a0000 - 0x000007fee89fc000 	C:\Windows\system32\mswsock.dll
0x0000000066ae0000 - 0x0000000066c78000 	C:\Program Files\Java\jdk1.8.0_31\jre\bin\awt.dll
0x000007fee9690000 - 0x000007fee9753000 	C:\Windows\system32\OLEAUT32.dll
0x000007fee44f0000 - 0x000007fee458e000 	C:\Windows\system32\apphelp.dll
0x000007fee7fd0000 - 0x000007fee80b3000 	C:\Windows\system32\uxtheme.dll
0x000007fee6770000 - 0x000007fee6791000 	C:\Windows\SYSTEM32\dwmapi.dll
0x000007fee99d0000 - 0x000007fee9b4e000 	C:\Windows\system32\ole32.dll
0x000007fee8f90000 - 0x000007fee8f9a000 	C:\Windows\SYSTEM32\CRYPTBASE.dll
0x000007fee8f30000 - 0x000007fee8f8d000 	C:\Windows\SYSTEM32\bcryptPrimitives.dll
0x000007fed7c80000 - 0x000007fed7e80000 	C:\Windows\system32\d3d9.dll
0x000007fee4050000 - 0x000007fee4059000 	C:\Windows\SYSTEM32\VERSION.dll
0x000007fec4ac0000 - 0x000007fec6279000 	C:\Windows\SYSTEM32\igdumdim64.dll
0x000007fedbb20000 - 0x000007fedc505000 	C:\Windows\SYSTEM32\igdusc64.dll
0x000007fee8a00000 - 0x000007fee8a1a000 	C:\Windows\SYSTEM32\CRYPTSP.dll
0x000007fee8680000 - 0x000007fee86cb000 	C:\Windows\system32\rsaenh.dll
0x000007fee8780000 - 0x000007fee879f000 	C:\Windows\SYSTEM32\USERENV.dll
0x000007fee3f90000 - 0x000007fee3fba000 	C:\Windows\SYSTEM32\IPHLPAPI.DLL
0x000007fee3f70000 - 0x000007fee3f7a000 	C:\Windows\SYSTEM32\WINNSI.DLL
0x000007fee3a50000 - 0x000007fee3a63000 	C:\Windows\SYSTEM32\dhcpcsvc6.DLL
0x000007fee3a30000 - 0x000007fee3a48000 	C:\Windows\SYSTEM32\dhcpcsvc.DLL
0x0000000066c80000 - 0x0000000066c91000 	C:\Program Files\Java\jdk1.8.0_31\jre\bin\nio.dll
0x0000000066a90000 - 0x0000000066ad7000 	C:\Program Files\Java\jdk1.8.0_31\jre\bin\fontmanager.dll
0x0000000066a40000 - 0x0000000066a81000 	C:\Program Files\Java\jdk1.8.0_31\jre\bin\t2k.dll

VM Arguments:
jvm_args: -Dfile.encoding=UTF-8 
java_command: com.codename1.impl.javase.Simulator com.gentrepot.into.MyApplication
java_class_path (initial): C:\Users\guiforodrigue\Desktop\MY3A27\PIDEV\GEntrepot-Mobile\GentrepotMobile\JavaSE.jar;C:\Users\guiforodrigue\Desktop\MY3A27\PIDEV\GEntrepot-Mobile\GentrepotMobile\lib\CLDC11.jar;C:\Users\guiforodrigue\Desktop\MY3A27\PIDEV\GEntrepot-Mobile\GentrepotMobile\lib\CodenameOne.jar;C:\Users\guiforodrigue\Desktop\MY3A27\PIDEV\GEntrepot-Mobile\GentrepotMobile\lib\CodenameOne_SRC.zip;C:\Users\guiforodrigue\Desktop\MY3A27\PIDEV\GEntrepot-Mobile\GentrepotMobile\lib\impl\cls;C:\Users\guiforodrigue\Desktop\MY3A27\PIDEV\GEntrepot-Mobile\GentrepotMobile\lib\impl\stubs;C:\Users\guiforodrigue\Downloads\json-20190722.jar;C:\Users\guiforodrigue\Downloads\jason-simple\json-simple-2.1.2.jar;C:\Users\guiforodrigue\Desktop\MY3A27\PIDEV\GEntrepot-Mobile\GentrepotMobile\build\classes;C:\Users\guiforodrigue\Desktop\MY3A27\PIDEV\GEntrepot-Mobile\GentrepotMobile\native\internal_tmp
Launcher Type: SUN_STANDARD

Environment Variables:
PATH=C:\ProgramData\Oracle\Java\javapath;C:\Program Files (x86)\Common Files\Oracle\Java\javapath;C:\app\guiforodrigue\product\18.0.0\dbhomeXE\bin;C:\wamp64\bin\php\php7.2.18;C:\Program Files\Git\cmd;C:\ProgramData\ComposerSetup\bin;C:\Users\guiforodrigue\AppData\Local\Programs\Python\Python38-32\Scripts\;C:\Users\guiforodrigue\AppData\Local\Programs\Python\Python38-32\;C:\wamp64\bin\php\php7.2.18;C:\Program Files\JetBrains\PhpStorm 2019.2.3\bin;;C:\Users\guiforodrigue\AppData\Roaming\Composer\vendor\bin
USERNAME=guiforodrigue
OS=Windows_NT
PROCESSOR_IDENTIFIER=Intel64 Family 6 Model 69 Stepping 1, GenuineIntel



---------------  S Y S T E M  ---------------

OS: Windows 8 , 64 bit Build 9200 

CPU:total 4 (2 cores per cpu, 2 threads per core) family 6 model 69 stepping 1, cmov, cx8, fxsr, mmx, sse, sse2, sse3, ssse3, sse4.1, sse4.2, popcnt, avx, avx2, aes, clmul, erms, lzcnt, ht, tsc, tscinvbit, bmi1, bmi2

Memory: 4k page, physical 4124500k(1293484k free), swap 16707412k(5128k free)

vm_info: Java HotSpot(TM) 64-Bit Server VM (25.31-b07) for windows-amd64 JRE (1.8.0_31-b13), built on Dec 17 2014 21:00:28 by "java_re" with MS VC++ 10.0 (VS2010)

time: Sun May 17 11:47:37 2020
elapsed time: 12 seconds (0d 0h 0m 12s)

